[2023-10-30 18:32:46,621][flwr][INFO] - Starting Flower simulation, config: ServerConfig(num_rounds=5, round_timeout=None)
[2023-10-30 18:32:52,157][flwr][INFO] - Flower VCE: Ray initialized with resources: {'memory': 2388430848.0, 'node:127.0.0.1': 1.0, 'CPU': 4.0, 'object_store_memory': 1194215424.0}
[2023-10-30 18:32:52,158][flwr][INFO] - Initializing global parameters
[2023-10-30 18:32:52,158][flwr][INFO] - Requesting initial parameters from one random client
[2023-10-30 18:32:54,353][flwr][INFO] - Received initial parameters from one random client
[2023-10-30 18:32:54,353][flwr][INFO] - Evaluating initial parameters
[2023-10-30 18:32:56,439][flwr][INFO] - initial parameters (loss, other metrics): 181.9369843006134, {'accuracy': 0.1136}
[2023-10-30 18:32:56,440][flwr][INFO] - FL starting
[2023-10-30 18:32:56,440][flwr][DEBUG] - fit_round 1: strategy sampled 10 clients (out of 100)
[2023-10-30 18:33:37,029][flwr][DEBUG] - fit_round 1 received 10 results and 0 failures
[2023-10-30 18:33:37,063][flwr][WARNING] - No fit_metrics_aggregation_fn provided
[2023-10-30 18:33:39,143][flwr][INFO] - fit progress: (1, 175.1268708705902, {'accuracy': 0.4147}, 42.7035488)
[2023-10-30 18:33:39,144][flwr][DEBUG] - evaluate_round 1: strategy sampled 25 clients (out of 100)
[2023-10-30 18:35:16,068][flwr][DEBUG] - evaluate_round 1 received 25 results and 0 failures
[2023-10-30 18:35:16,070][flwr][WARNING] - No evaluate_metrics_aggregation_fn provided
[2023-10-30 18:35:16,071][flwr][DEBUG] - fit_round 2: strategy sampled 10 clients (out of 100)
[2023-10-30 18:35:59,322][flwr][DEBUG] - fit_round 2 received 10 results and 0 failures
[2023-10-30 18:36:01,462][flwr][INFO] - fit progress: (2, 108.552849650383, {'accuracy': 0.6953}, 185.022860154)
[2023-10-30 18:36:01,462][flwr][DEBUG] - evaluate_round 2: strategy sampled 25 clients (out of 100)
[2023-10-30 18:37:53,041][flwr][DEBUG] - evaluate_round 2 received 25 results and 0 failures
[2023-10-30 18:37:53,044][flwr][DEBUG] - fit_round 3: strategy sampled 10 clients (out of 100)
[2023-10-30 18:38:30,977][flwr][DEBUG] - fit_round 3 received 10 results and 0 failures
[2023-10-30 18:38:32,860][flwr][INFO] - fit progress: (3, 50.836631536483765, {'accuracy': 0.8081}, 336.421820453)
[2023-10-30 18:38:32,860][flwr][DEBUG] - evaluate_round 3: strategy sampled 25 clients (out of 100)
[2023-10-30 18:40:26,252][flwr][DEBUG] - evaluate_round 3 received 25 results and 0 failures
[2023-10-30 18:40:26,254][flwr][DEBUG] - fit_round 4: strategy sampled 10 clients (out of 100)
[2023-10-30 18:41:15,193][flwr][DEBUG] - fit_round 4 received 10 results and 0 failures
[2023-10-30 18:41:17,851][flwr][INFO] - fit progress: (4, 40.06565918028355, {'accuracy': 0.8648}, 501.41319180999994)
[2023-10-30 18:41:17,851][flwr][DEBUG] - evaluate_round 4: strategy sampled 25 clients (out of 100)
[2023-10-30 18:43:33,285][flwr][DEBUG] - evaluate_round 4 received 25 results and 0 failures
[2023-10-30 18:43:33,287][flwr][DEBUG] - fit_round 5: strategy sampled 10 clients (out of 100)
[2023-10-30 18:44:40,421][flwr][DEBUG] - fit_round 5 received 10 results and 0 failures
[2023-10-30 18:44:43,626][flwr][INFO] - fit progress: (5, 26.915996432304382, {'accuracy': 0.8977}, 707.188749567)
[2023-10-30 18:44:43,626][flwr][DEBUG] - evaluate_round 5: strategy sampled 25 clients (out of 100)
[2023-10-30 18:47:25,089][flwr][DEBUG] - evaluate_round 5 received 25 results and 0 failures
[2023-10-30 18:47:25,091][flwr][INFO] - FL finished in 868.654960357
[2023-10-30 18:47:25,096][flwr][INFO] - app_fit: losses_distributed [(1, 6.666277713775635), (2, 4.217108373641968), (3, 1.982016851902008), (4, 1.5240194964408875), (5, 1.0846694931387901)]
[2023-10-30 18:47:25,096][flwr][INFO] - app_fit: metrics_distributed_fit {}
[2023-10-30 18:47:25,096][flwr][INFO] - app_fit: metrics_distributed {}
[2023-10-30 18:47:25,096][flwr][INFO] - app_fit: losses_centralized [(0, 181.9369843006134), (1, 175.1268708705902), (2, 108.552849650383), (3, 50.836631536483765), (4, 40.06565918028355), (5, 26.915996432304382)]
[2023-10-30 18:47:25,096][flwr][INFO] - app_fit: metrics_centralized {'accuracy': [(0, 0.1136), (1, 0.4147), (2, 0.6953), (3, 0.8081), (4, 0.8648), (5, 0.8977)]}
