[2023-11-28 19:20:39,695][flwr][WARNING] - 
Setting `min_available_clients` lower than `min_fit_clients` or
`min_evaluate_clients` can cause the server to fail when there are too few clients
connected to the server. `min_available_clients` must be set to a value larger
than or equal to the values of `min_fit_clients` and `min_evaluate_clients`.

[2023-11-28 19:20:39,695][flwr][INFO] - Starting Flower simulation, config: ServerConfig(num_rounds=1, round_timeout=None)
[2023-11-28 19:20:45,015][flwr][INFO] - Flower VCE: Ray initialized with resources: {'memory': 7278342144.0, 'object_store_memory': 3639171072.0, 'node:192.168.100.36': 1.0, 'CPU': 8.0, 'GPU': 1.0, 'accelerator_type:G': 1.0}
[2023-11-28 19:20:45,015][flwr][INFO] - Initializing global parameters
[2023-11-28 19:20:45,016][flwr][INFO] - Requesting initial parameters from one random client
[2023-11-28 19:20:46,129][flwr][INFO] - Received initial parameters from one random client
[2023-11-28 19:20:46,129][flwr][INFO] - Evaluating initial parameters
[2023-11-28 19:20:47,951][flwr][INFO] - initial parameters (loss, other metrics): 181.97188234329224, {'accuracy': 0.1113}
[2023-11-28 19:20:47,952][flwr][INFO] - FL starting
[2023-11-28 19:20:47,952][flwr][DEBUG] - fit_round 1: strategy sampled 10 clients (out of 10)
[2023-11-28 19:21:05,954][flwr][DEBUG] - fit_round 1 received 10 results and 0 failures
[2023-11-28 19:21:05,976][flwr][WARNING] - No fit_metrics_aggregation_fn provided
[2023-11-28 19:21:07,737][flwr][INFO] - fit progress: (1, 34.24578905105591, {'accuracy': 0.8621}, 19.785442485000203)
[2023-11-28 19:21:07,738][flwr][INFO] - evaluate_round 1: no clients selected, cancel
[2023-11-28 19:21:07,738][flwr][INFO] - FL finished in 19.785835725000652
[2023-11-28 19:21:07,738][flwr][INFO] - app_fit: losses_distributed []
[2023-11-28 19:21:07,738][flwr][INFO] - app_fit: metrics_distributed_fit {}
[2023-11-28 19:21:07,738][flwr][INFO] - app_fit: metrics_distributed {}
[2023-11-28 19:21:07,739][flwr][INFO] - app_fit: losses_centralized [(0, 181.97188234329224), (1, 34.24578905105591)]
[2023-11-28 19:21:07,739][flwr][INFO] - app_fit: metrics_centralized {'accuracy': [(0, 0.1113), (1, 0.8621)]}
