[2023-11-16 19:09:14,121][flwr][WARNING] - 
Setting `min_available_clients` lower than `min_fit_clients` or
`min_evaluate_clients` can cause the server to fail when there are too few clients
connected to the server. `min_available_clients` must be set to a value larger
than or equal to the values of `min_fit_clients` and `min_evaluate_clients`.

[2023-11-16 19:09:14,121][flwr][INFO] - Starting Flower simulation, config: ServerConfig(num_rounds=1, round_timeout=None)
[2023-11-16 19:09:19,668][flwr][INFO] - Flower VCE: Ray initialized with resources: {'node:192.168.100.36': 1.0, 'object_store_memory': 3008564428.0, 'accelerator_type:G': 1.0, 'GPU': 1.0, 'CPU': 8.0, 'memory': 6017128859.0}
[2023-11-16 19:09:19,669][flwr][INFO] - Initializing global parameters
[2023-11-16 19:09:19,669][flwr][INFO] - Requesting initial parameters from one random client
[2023-11-16 19:09:20,876][flwr][INFO] - Received initial parameters from one random client
[2023-11-16 19:09:20,876][flwr][INFO] - Evaluating initial parameters
[2023-11-16 19:09:23,139][flwr][INFO] - initial parameters (loss, other metrics): 182.47131490707397, {'accuracy': 0.0902}
[2023-11-16 19:09:23,139][flwr][INFO] - FL starting
[2023-11-16 19:09:23,140][flwr][DEBUG] - fit_round 1: strategy sampled 10 clients (out of 10)
[2023-11-16 19:11:54,351][flwr][DEBUG] - fit_round 1 received 10 results and 0 failures
[2023-11-16 19:11:54,373][flwr][WARNING] - No fit_metrics_aggregation_fn provided
[2023-11-16 19:11:56,089][flwr][INFO] - fit progress: (1, 181.9878945350647, {'accuracy': 0.1028}, 152.9492481849993)
[2023-11-16 19:11:56,089][flwr][INFO] - evaluate_round 1: no clients selected, cancel
[2023-11-16 19:11:56,089][flwr][INFO] - FL finished in 152.9495848309998
[2023-11-16 19:11:56,089][flwr][INFO] - app_fit: losses_distributed []
[2023-11-16 19:11:56,089][flwr][INFO] - app_fit: metrics_distributed_fit {}
[2023-11-16 19:11:56,089][flwr][INFO] - app_fit: metrics_distributed {}
[2023-11-16 19:11:56,090][flwr][INFO] - app_fit: losses_centralized [(0, 182.47131490707397), (1, 181.9878945350647)]
[2023-11-16 19:11:56,090][flwr][INFO] - app_fit: metrics_centralized {'accuracy': [(0, 0.0902), (1, 0.1028)]}
