[2023-11-16 18:29:26,323][flwr][WARNING] - 
Setting `min_available_clients` lower than `min_fit_clients` or
`min_evaluate_clients` can cause the server to fail when there are too few clients
connected to the server. `min_available_clients` must be set to a value larger
than or equal to the values of `min_fit_clients` and `min_evaluate_clients`.

[2023-11-16 18:29:26,324][flwr][INFO] - Starting Flower simulation, config: ServerConfig(num_rounds=1, round_timeout=None)
[2023-11-16 18:29:31,552][flwr][INFO] - Flower VCE: Ray initialized with resources: {'object_store_memory': 3362832384.0, 'accelerator_type:G': 1.0, 'GPU': 1.0, 'node:192.168.100.36': 1.0, 'memory': 6725664768.0, 'CPU': 8.0}
[2023-11-16 18:29:31,553][flwr][INFO] - Initializing global parameters
[2023-11-16 18:29:31,553][flwr][INFO] - Requesting initial parameters from one random client
[2023-11-16 18:29:32,610][flwr][INFO] - Received initial parameters from one random client
[2023-11-16 18:29:32,610][flwr][INFO] - Evaluating initial parameters
[2023-11-16 18:29:34,394][flwr][INFO] - initial parameters (loss, other metrics): 181.82316422462463, {'accuracy': 0.0956}
[2023-11-16 18:29:34,394][flwr][INFO] - FL starting
[2023-11-16 18:29:34,394][flwr][DEBUG] - fit_round 1: strategy sampled 10 clients (out of 10)
[2023-11-16 18:31:49,621][flwr][DEBUG] - fit_round 1 received 10 results and 0 failures
[2023-11-16 18:31:49,638][flwr][WARNING] - No fit_metrics_aggregation_fn provided
[2023-11-16 18:31:51,422][flwr][INFO] - fit progress: (1, 182.0463297367096, {'accuracy': 0.1135}, 137.02817687599963)
[2023-11-16 18:31:51,422][flwr][INFO] - evaluate_round 1: no clients selected, cancel
[2023-11-16 18:31:51,422][flwr][INFO] - FL finished in 137.02847222499986
[2023-11-16 18:31:51,423][flwr][INFO] - app_fit: losses_distributed []
[2023-11-16 18:31:51,423][flwr][INFO] - app_fit: metrics_distributed_fit {}
[2023-11-16 18:31:51,423][flwr][INFO] - app_fit: metrics_distributed {}
[2023-11-16 18:31:51,423][flwr][INFO] - app_fit: losses_centralized [(0, 181.82316422462463), (1, 182.0463297367096)]
[2023-11-16 18:31:51,423][flwr][INFO] - app_fit: metrics_centralized {'accuracy': [(0, 0.0956), (1, 0.1135)]}
