[2023-11-28 18:50:28,046][flwr][WARNING] - 
Setting `min_available_clients` lower than `min_fit_clients` or
`min_evaluate_clients` can cause the server to fail when there are too few clients
connected to the server. `min_available_clients` must be set to a value larger
than or equal to the values of `min_fit_clients` and `min_evaluate_clients`.

[2023-11-28 18:50:28,046][flwr][INFO] - Starting Flower simulation, config: ServerConfig(num_rounds=1, round_timeout=None)
[2023-11-28 18:50:33,304][flwr][INFO] - Flower VCE: Ray initialized with resources: {'CPU': 8.0, 'memory': 6713905152.0, 'accelerator_type:G': 1.0, 'node:192.168.100.36': 1.0, 'object_store_memory': 3356952576.0, 'GPU': 1.0}
[2023-11-28 18:50:33,304][flwr][INFO] - Initializing global parameters
[2023-11-28 18:50:33,304][flwr][INFO] - Requesting initial parameters from one random client
[2023-11-28 18:50:34,404][flwr][INFO] - Received initial parameters from one random client
[2023-11-28 18:50:34,404][flwr][INFO] - Evaluating initial parameters
[2023-11-28 18:50:36,150][flwr][INFO] - initial parameters (loss, other metrics): 182.13505291938782, {'accuracy': 0.103}
[2023-11-28 18:50:36,150][flwr][INFO] - FL starting
[2023-11-28 18:50:36,150][flwr][INFO] - Sampling failed: number of available clients (5) is less than number of requested clients (10).
[2023-11-28 18:50:36,151][flwr][INFO] - fit_round 1: no clients selected, cancel
[2023-11-28 18:50:37,875][flwr][INFO] - fit progress: (1, 182.13505291938782, {'accuracy': 0.103}, 1.7248371990008309)
[2023-11-28 18:50:37,875][flwr][INFO] - evaluate_round 1: no clients selected, cancel
[2023-11-28 18:50:37,875][flwr][INFO] - FL finished in 1.7251615630002561
[2023-11-28 18:50:37,876][flwr][INFO] - app_fit: losses_distributed []
[2023-11-28 18:50:37,876][flwr][INFO] - app_fit: metrics_distributed_fit {}
[2023-11-28 18:50:37,876][flwr][INFO] - app_fit: metrics_distributed {}
[2023-11-28 18:50:37,876][flwr][INFO] - app_fit: losses_centralized [(0, 182.13505291938782), (1, 182.13505291938782)]
[2023-11-28 18:50:37,876][flwr][INFO] - app_fit: metrics_centralized {'accuracy': [(0, 0.103), (1, 0.103)]}
