[2023-11-16 18:32:53,770][flwr][WARNING] - 
Setting `min_available_clients` lower than `min_fit_clients` or
`min_evaluate_clients` can cause the server to fail when there are too few clients
connected to the server. `min_available_clients` must be set to a value larger
than or equal to the values of `min_fit_clients` and `min_evaluate_clients`.

[2023-11-16 18:32:53,770][flwr][INFO] - Starting Flower simulation, config: ServerConfig(num_rounds=1, round_timeout=None)
[2023-11-16 18:32:58,969][flwr][INFO] - Flower VCE: Ray initialized with resources: {'CPU': 8.0, 'GPU': 1.0, 'object_store_memory': 3360894566.0, 'accelerator_type:G': 1.0, 'memory': 6721789134.0, 'node:192.168.100.36': 1.0}
[2023-11-16 18:32:58,970][flwr][INFO] - Initializing global parameters
[2023-11-16 18:32:58,970][flwr][INFO] - Requesting initial parameters from one random client
[2023-11-16 18:33:00,065][flwr][INFO] - Received initial parameters from one random client
[2023-11-16 18:33:00,065][flwr][INFO] - Evaluating initial parameters
[2023-11-16 18:33:02,027][flwr][INFO] - initial parameters (loss, other metrics): 182.50242710113525, {'accuracy': 0.07}
[2023-11-16 18:33:02,027][flwr][INFO] - FL starting
[2023-11-16 18:33:02,028][flwr][DEBUG] - fit_round 1: strategy sampled 10 clients (out of 10)
[2023-11-16 18:35:16,920][flwr][DEBUG] - fit_round 1 received 10 results and 0 failures
[2023-11-16 18:35:16,941][flwr][WARNING] - No fit_metrics_aggregation_fn provided
[2023-11-16 18:35:18,702][flwr][INFO] - fit progress: (1, 211.89920830726624, {'accuracy': 0.0748}, 136.67467489499995)
[2023-11-16 18:35:18,702][flwr][INFO] - evaluate_round 1: no clients selected, cancel
[2023-11-16 18:35:18,702][flwr][INFO] - FL finished in 136.67502520800008
[2023-11-16 18:35:18,703][flwr][INFO] - app_fit: losses_distributed []
[2023-11-16 18:35:18,703][flwr][INFO] - app_fit: metrics_distributed_fit {}
[2023-11-16 18:35:18,703][flwr][INFO] - app_fit: metrics_distributed {}
[2023-11-16 18:35:18,703][flwr][INFO] - app_fit: losses_centralized [(0, 182.50242710113525), (1, 211.89920830726624)]
[2023-11-16 18:35:18,703][flwr][INFO] - app_fit: metrics_centralized {'accuracy': [(0, 0.07), (1, 0.0748)]}
