[2023-11-28 19:17:04,546][flwr][WARNING] - 
Setting `min_available_clients` lower than `min_fit_clients` or
`min_evaluate_clients` can cause the server to fail when there are too few clients
connected to the server. `min_available_clients` must be set to a value larger
than or equal to the values of `min_fit_clients` and `min_evaluate_clients`.

[2023-11-28 19:17:04,547][flwr][INFO] - Starting Flower simulation, config: ServerConfig(num_rounds=1, round_timeout=None)
[2023-11-28 19:17:09,920][flwr][INFO] - Flower VCE: Ray initialized with resources: {'CPU': 8.0, 'object_store_memory': 3644339404.0, 'GPU': 1.0, 'node:192.168.100.36': 1.0, 'memory': 7288678811.0, 'accelerator_type:G': 1.0}
[2023-11-28 19:17:09,920][flwr][INFO] - Initializing global parameters
[2023-11-28 19:17:09,921][flwr][INFO] - Requesting initial parameters from one random client
[2023-11-28 19:17:11,042][flwr][INFO] - Received initial parameters from one random client
[2023-11-28 19:17:11,043][flwr][INFO] - Evaluating initial parameters
[2023-11-28 19:17:12,866][flwr][INFO] - initial parameters (loss, other metrics): 182.0535876750946, {'accuracy': 0.1135}
[2023-11-28 19:17:12,866][flwr][INFO] - FL starting
[2023-11-28 19:17:12,866][flwr][DEBUG] - fit_round 1: strategy sampled 10 clients (out of 10)
[2023-11-28 19:17:30,191][flwr][DEBUG] - fit_round 1 received 10 results and 0 failures
[2023-11-28 19:17:30,208][flwr][WARNING] - No fit_metrics_aggregation_fn provided
[2023-11-28 19:17:32,067][flwr][INFO] - fit progress: (1, 28.030801132321358, {'accuracy': 0.8984}, 19.201289083999654)
[2023-11-28 19:17:32,068][flwr][INFO] - evaluate_round 1: no clients selected, cancel
[2023-11-28 19:17:32,068][flwr][INFO] - FL finished in 19.20153050599947
[2023-11-28 19:17:32,068][flwr][INFO] - app_fit: losses_distributed []
[2023-11-28 19:17:32,068][flwr][INFO] - app_fit: metrics_distributed_fit {}
[2023-11-28 19:17:32,068][flwr][INFO] - app_fit: metrics_distributed {}
[2023-11-28 19:17:32,068][flwr][INFO] - app_fit: losses_centralized [(0, 182.0535876750946), (1, 28.030801132321358)]
[2023-11-28 19:17:32,068][flwr][INFO] - app_fit: metrics_centralized {'accuracy': [(0, 0.1135), (1, 0.8984)]}
