[2023-11-28 19:27:08,545][flwr][WARNING] - 
Setting `min_available_clients` lower than `min_fit_clients` or
`min_evaluate_clients` can cause the server to fail when there are too few clients
connected to the server. `min_available_clients` must be set to a value larger
than or equal to the values of `min_fit_clients` and `min_evaluate_clients`.

[2023-11-28 19:27:08,546][flwr][INFO] - Starting Flower simulation, config: ServerConfig(num_rounds=1, round_timeout=None)
[2023-11-28 19:27:13,866][flwr][INFO] - Flower VCE: Ray initialized with resources: {'GPU': 1.0, 'memory': 7276973262.0, 'object_store_memory': 3638486630.0, 'CPU': 8.0, 'node:192.168.100.36': 1.0, 'accelerator_type:G': 1.0}
[2023-11-28 19:27:13,866][flwr][INFO] - Initializing global parameters
[2023-11-28 19:27:13,867][flwr][INFO] - Requesting initial parameters from one random client
[2023-11-28 19:27:14,939][flwr][INFO] - Received initial parameters from one random client
[2023-11-28 19:27:14,939][flwr][INFO] - Evaluating initial parameters
[2023-11-28 19:27:16,763][flwr][INFO] - initial parameters (loss, other metrics): 182.191712141037, {'accuracy': 0.0805}
[2023-11-28 19:27:16,763][flwr][INFO] - FL starting
[2023-11-28 19:27:16,764][flwr][DEBUG] - fit_round 1: strategy sampled 10 clients (out of 10)
[2023-11-28 19:27:46,225][flwr][DEBUG] - fit_round 1 received 10 results and 0 failures
[2023-11-28 19:27:46,245][flwr][WARNING] - No fit_metrics_aggregation_fn provided
[2023-11-28 19:27:47,986][flwr][INFO] - fit progress: (1, 28.117910958826542, {'accuracy': 0.8925}, 31.223065834999943)
[2023-11-28 19:27:47,987][flwr][INFO] - evaluate_round 1: no clients selected, cancel
[2023-11-28 19:27:47,987][flwr][INFO] - FL finished in 31.22339514900068
[2023-11-28 19:27:47,987][flwr][INFO] - app_fit: losses_distributed []
[2023-11-28 19:27:47,987][flwr][INFO] - app_fit: metrics_distributed_fit {}
[2023-11-28 19:27:47,987][flwr][INFO] - app_fit: metrics_distributed {}
[2023-11-28 19:27:47,987][flwr][INFO] - app_fit: losses_centralized [(0, 182.191712141037), (1, 28.117910958826542)]
[2023-11-28 19:27:47,987][flwr][INFO] - app_fit: metrics_centralized {'accuracy': [(0, 0.0805), (1, 0.8925)]}
