[2023-11-28 18:45:33,215][flwr][WARNING] - 
Setting `min_available_clients` lower than `min_fit_clients` or
`min_evaluate_clients` can cause the server to fail when there are too few clients
connected to the server. `min_available_clients` must be set to a value larger
than or equal to the values of `min_fit_clients` and `min_evaluate_clients`.

[2023-11-28 18:45:33,216][flwr][INFO] - Starting Flower simulation, config: ServerConfig(num_rounds=1, round_timeout=None)
[2023-11-28 18:45:38,495][flwr][INFO] - Flower VCE: Ray initialized with resources: {'accelerator_type:G': 1.0, 'node:192.168.100.36': 1.0, 'memory': 6716881307.0, 'GPU': 1.0, 'CPU': 8.0, 'object_store_memory': 3358440652.0}
[2023-11-28 18:45:38,495][flwr][INFO] - Initializing global parameters
[2023-11-28 18:45:38,496][flwr][INFO] - Requesting initial parameters from one random client
[2023-11-28 18:45:39,567][flwr][INFO] - Received initial parameters from one random client
[2023-11-28 18:45:39,567][flwr][INFO] - Evaluating initial parameters
[2023-11-28 18:45:41,303][flwr][INFO] - initial parameters (loss, other metrics): 182.51726865768433, {'accuracy': 0.0974}
[2023-11-28 18:45:41,304][flwr][INFO] - FL starting
[2023-11-28 18:45:41,304][flwr][INFO] - Sampling failed: number of available clients (5) is less than number of requested clients (10).
[2023-11-28 18:45:41,304][flwr][INFO] - fit_round 1: no clients selected, cancel
[2023-11-28 18:45:43,020][flwr][INFO] - fit progress: (1, 182.51726865768433, {'accuracy': 0.0974}, 1.7158760719994461)
[2023-11-28 18:45:43,020][flwr][INFO] - evaluate_round 1: no clients selected, cancel
[2023-11-28 18:45:43,020][flwr][INFO] - FL finished in 1.716196210999442
[2023-11-28 18:45:43,020][flwr][INFO] - app_fit: losses_distributed []
[2023-11-28 18:45:43,020][flwr][INFO] - app_fit: metrics_distributed_fit {}
[2023-11-28 18:45:43,020][flwr][INFO] - app_fit: metrics_distributed {}
[2023-11-28 18:45:43,020][flwr][INFO] - app_fit: losses_centralized [(0, 182.51726865768433), (1, 182.51726865768433)]
[2023-11-28 18:45:43,021][flwr][INFO] - app_fit: metrics_centralized {'accuracy': [(0, 0.0974), (1, 0.0974)]}
