[2023-11-28 18:33:34,311][flwr][WARNING] - 
Setting `min_available_clients` lower than `min_fit_clients` or
`min_evaluate_clients` can cause the server to fail when there are too few clients
connected to the server. `min_available_clients` must be set to a value larger
than or equal to the values of `min_fit_clients` and `min_evaluate_clients`.

[2023-11-28 18:33:34,312][flwr][INFO] - Starting Flower simulation, config: ServerConfig(num_rounds=1, round_timeout=None)
[2023-11-28 18:33:39,644][flwr][INFO] - Flower VCE: Ray initialized with resources: {'accelerator_type:G': 1.0, 'object_store_memory': 3348462796.0, 'node:192.168.100.36': 1.0, 'GPU': 1.0, 'memory': 6696925595.0, 'CPU': 8.0}
[2023-11-28 18:33:39,644][flwr][INFO] - Initializing global parameters
[2023-11-28 18:33:39,644][flwr][INFO] - Requesting initial parameters from one random client
[2023-11-28 18:33:40,737][flwr][INFO] - Received initial parameters from one random client
[2023-11-28 18:33:40,737][flwr][INFO] - Evaluating initial parameters
[2023-11-28 18:33:42,570][flwr][INFO] - initial parameters (loss, other metrics): 182.69516968727112, {'accuracy': 0.1009}
[2023-11-28 18:33:42,570][flwr][INFO] - FL starting
[2023-11-28 18:33:42,573][flwr][INFO] - Sampling failed: number of available clients (5) is less than number of requested clients (10).
[2023-11-28 18:33:42,573][flwr][INFO] - fit_round 1: no clients selected, cancel
[2023-11-28 18:33:44,396][flwr][INFO] - fit progress: (1, 182.69516968727112, {'accuracy': 0.1009}, 1.8235125250002966)
[2023-11-28 18:33:44,396][flwr][INFO] - evaluate_round 1: no clients selected, cancel
[2023-11-28 18:33:44,397][flwr][INFO] - FL finished in 1.8237792110003284
[2023-11-28 18:33:44,397][flwr][INFO] - app_fit: losses_distributed []
[2023-11-28 18:33:44,397][flwr][INFO] - app_fit: metrics_distributed_fit {}
[2023-11-28 18:33:44,397][flwr][INFO] - app_fit: metrics_distributed {}
[2023-11-28 18:33:44,397][flwr][INFO] - app_fit: losses_centralized [(0, 182.69516968727112), (1, 182.69516968727112)]
[2023-11-28 18:33:44,397][flwr][INFO] - app_fit: metrics_centralized {'accuracy': [(0, 0.1009), (1, 0.1009)]}
