[2023-11-16 19:17:59,726][flwr][WARNING] - 
Setting `min_available_clients` lower than `min_fit_clients` or
`min_evaluate_clients` can cause the server to fail when there are too few clients
connected to the server. `min_available_clients` must be set to a value larger
than or equal to the values of `min_fit_clients` and `min_evaluate_clients`.

[2023-11-16 19:17:59,726][flwr][INFO] - Starting Flower simulation, config: ServerConfig(num_rounds=1, round_timeout=None)
[2023-11-16 19:18:06,536][flwr][INFO] - Flower VCE: Ray initialized with resources: {'memory': 5308130919.0, 'object_store_memory': 2654065459.0, 'GPU': 1.0, 'accelerator_type:G': 1.0, 'node:192.168.100.36': 1.0, 'CPU': 8.0}
[2023-11-16 19:18:06,536][flwr][INFO] - Initializing global parameters
[2023-11-16 19:18:06,536][flwr][INFO] - Requesting initial parameters from one random client
[2023-11-16 19:18:10,339][flwr][INFO] - Received initial parameters from one random client
[2023-11-16 19:18:10,339][flwr][INFO] - Evaluating initial parameters
[2023-11-16 19:18:12,293][flwr][INFO] - initial parameters (loss, other metrics): 181.8643922805786, {'accuracy': 0.1453}
[2023-11-16 19:18:12,293][flwr][INFO] - FL starting
[2023-11-16 19:18:12,293][flwr][DEBUG] - fit_round 1: strategy sampled 10 clients (out of 10)
[2023-11-16 19:20:44,080][flwr][DEBUG] - fit_round 1 received 10 results and 0 failures
[2023-11-16 19:20:44,102][flwr][WARNING] - No fit_metrics_aggregation_fn provided
[2023-11-16 19:20:45,855][flwr][INFO] - fit progress: (1, 181.92046666145325, {'accuracy': 0.101}, 153.56232420299966)
[2023-11-16 19:20:45,855][flwr][INFO] - evaluate_round 1: no clients selected, cancel
[2023-11-16 19:20:45,855][flwr][INFO] - FL finished in 153.56262389999938
[2023-11-16 19:20:45,856][flwr][INFO] - app_fit: losses_distributed []
[2023-11-16 19:20:45,856][flwr][INFO] - app_fit: metrics_distributed_fit {}
[2023-11-16 19:20:45,856][flwr][INFO] - app_fit: metrics_distributed {}
[2023-11-16 19:20:45,856][flwr][INFO] - app_fit: losses_centralized [(0, 181.8643922805786), (1, 181.92046666145325)]
[2023-11-16 19:20:45,856][flwr][INFO] - app_fit: metrics_centralized {'accuracy': [(0, 0.1453), (1, 0.101)]}
