[2023-11-28 19:18:39,297][flwr][WARNING] - 
Setting `min_available_clients` lower than `min_fit_clients` or
`min_evaluate_clients` can cause the server to fail when there are too few clients
connected to the server. `min_available_clients` must be set to a value larger
than or equal to the values of `min_fit_clients` and `min_evaluate_clients`.

[2023-11-28 19:18:39,297][flwr][INFO] - Starting Flower simulation, config: ServerConfig(num_rounds=1, round_timeout=None)
[2023-11-28 19:18:44,587][flwr][INFO] - Flower VCE: Ray initialized with resources: {'memory': 7288152884.0, 'CPU': 8.0, 'node:192.168.100.36': 1.0, 'object_store_memory': 3644076441.0, 'accelerator_type:G': 1.0, 'GPU': 1.0}
[2023-11-28 19:18:44,588][flwr][INFO] - Initializing global parameters
[2023-11-28 19:18:44,588][flwr][INFO] - Requesting initial parameters from one random client
[2023-11-28 19:18:45,653][flwr][INFO] - Received initial parameters from one random client
[2023-11-28 19:18:45,654][flwr][INFO] - Evaluating initial parameters
[2023-11-28 19:18:47,405][flwr][INFO] - initial parameters (loss, other metrics): 181.96286702156067, {'accuracy': 0.0992}
[2023-11-28 19:18:47,405][flwr][INFO] - FL starting
[2023-11-28 19:18:47,405][flwr][DEBUG] - fit_round 1: strategy sampled 10 clients (out of 10)
[2023-11-28 19:19:05,134][flwr][DEBUG] - fit_round 1 received 10 results and 0 failures
[2023-11-28 19:19:05,153][flwr][WARNING] - No fit_metrics_aggregation_fn provided
[2023-11-28 19:19:06,957][flwr][INFO] - fit progress: (1, 29.297448009252548, {'accuracy': 0.8878}, 19.551769803999377)
[2023-11-28 19:19:06,957][flwr][INFO] - evaluate_round 1: no clients selected, cancel
[2023-11-28 19:19:06,957][flwr][INFO] - FL finished in 19.552057132999835
[2023-11-28 19:19:06,957][flwr][INFO] - app_fit: losses_distributed []
[2023-11-28 19:19:06,957][flwr][INFO] - app_fit: metrics_distributed_fit {}
[2023-11-28 19:19:06,958][flwr][INFO] - app_fit: metrics_distributed {}
[2023-11-28 19:19:06,958][flwr][INFO] - app_fit: losses_centralized [(0, 181.96286702156067), (1, 29.297448009252548)]
[2023-11-28 19:19:06,958][flwr][INFO] - app_fit: metrics_centralized {'accuracy': [(0, 0.0992), (1, 0.8878)]}
