[2023-11-28 18:49:32,211][flwr][WARNING] - 
Setting `min_available_clients` lower than `min_fit_clients` or
`min_evaluate_clients` can cause the server to fail when there are too few clients
connected to the server. `min_available_clients` must be set to a value larger
than or equal to the values of `min_fit_clients` and `min_evaluate_clients`.

[2023-11-28 18:49:32,211][flwr][INFO] - Starting Flower simulation, config: ServerConfig(num_rounds=1, round_timeout=None)
[2023-11-28 18:49:37,522][flwr][INFO] - Flower VCE: Ray initialized with resources: {'node:192.168.100.36': 1.0, 'memory': 6711649076.0, 'GPU': 1.0, 'accelerator_type:G': 1.0, 'object_store_memory': 3355824537.0, 'CPU': 8.0}
[2023-11-28 18:49:37,522][flwr][INFO] - Initializing global parameters
[2023-11-28 18:49:37,523][flwr][INFO] - Requesting initial parameters from one random client
[2023-11-28 18:49:38,588][flwr][INFO] - Received initial parameters from one random client
[2023-11-28 18:49:38,588][flwr][INFO] - Evaluating initial parameters
[2023-11-28 18:49:40,393][flwr][INFO] - initial parameters (loss, other metrics): 181.9645073413849, {'accuracy': 0.1032}
[2023-11-28 18:49:40,393][flwr][INFO] - FL starting
[2023-11-28 18:49:40,394][flwr][INFO] - Sampling failed: number of available clients (5) is less than number of requested clients (10).
[2023-11-28 18:49:40,394][flwr][INFO] - fit_round 1: no clients selected, cancel
[2023-11-28 18:49:42,202][flwr][INFO] - fit progress: (1, 181.9645073413849, {'accuracy': 0.1032}, 1.8088299639994148)
[2023-11-28 18:49:42,202][flwr][INFO] - evaluate_round 1: no clients selected, cancel
[2023-11-28 18:49:42,202][flwr][INFO] - FL finished in 1.8091561530000035
[2023-11-28 18:49:42,203][flwr][INFO] - app_fit: losses_distributed []
[2023-11-28 18:49:42,203][flwr][INFO] - app_fit: metrics_distributed_fit {}
[2023-11-28 18:49:42,203][flwr][INFO] - app_fit: metrics_distributed {}
[2023-11-28 18:49:42,203][flwr][INFO] - app_fit: losses_centralized [(0, 181.9645073413849), (1, 181.9645073413849)]
[2023-11-28 18:49:42,203][flwr][INFO] - app_fit: metrics_centralized {'accuracy': [(0, 0.1032), (1, 0.1032)]}
