[2023-11-28 19:22:01,007][flwr][WARNING] - 
Setting `min_available_clients` lower than `min_fit_clients` or
`min_evaluate_clients` can cause the server to fail when there are too few clients
connected to the server. `min_available_clients` must be set to a value larger
than or equal to the values of `min_fit_clients` and `min_evaluate_clients`.

[2023-11-28 19:22:01,007][flwr][INFO] - Starting Flower simulation, config: ServerConfig(num_rounds=1, round_timeout=None)
[2023-11-28 19:22:06,298][flwr][INFO] - Flower VCE: Ray initialized with resources: {'node:192.168.100.36': 1.0, 'GPU': 1.0, 'memory': 7275845223.0, 'CPU': 8.0, 'accelerator_type:G': 1.0, 'object_store_memory': 3637922611.0}
[2023-11-28 19:22:06,299][flwr][INFO] - Initializing global parameters
[2023-11-28 19:22:06,299][flwr][INFO] - Requesting initial parameters from one random client
[2023-11-28 19:22:07,379][flwr][INFO] - Received initial parameters from one random client
[2023-11-28 19:22:07,379][flwr][INFO] - Evaluating initial parameters
[2023-11-28 19:22:09,114][flwr][INFO] - initial parameters (loss, other metrics): 182.1794717311859, {'accuracy': 0.0948}
[2023-11-28 19:22:09,114][flwr][INFO] - FL starting
[2023-11-28 19:22:09,115][flwr][DEBUG] - fit_round 1: strategy sampled 10 clients (out of 10)
[2023-11-28 19:22:26,671][flwr][DEBUG] - fit_round 1 received 10 results and 0 failures
[2023-11-28 19:22:26,690][flwr][WARNING] - No fit_metrics_aggregation_fn provided
[2023-11-28 19:22:28,437][flwr][INFO] - fit progress: (1, 29.938664503395557, {'accuracy': 0.8831}, 19.321940216999792)
[2023-11-28 19:22:28,437][flwr][INFO] - evaluate_round 1: no clients selected, cancel
[2023-11-28 19:22:28,437][flwr][INFO] - FL finished in 19.322286317000362
[2023-11-28 19:22:28,437][flwr][INFO] - app_fit: losses_distributed []
[2023-11-28 19:22:28,437][flwr][INFO] - app_fit: metrics_distributed_fit {}
[2023-11-28 19:22:28,438][flwr][INFO] - app_fit: metrics_distributed {}
[2023-11-28 19:22:28,438][flwr][INFO] - app_fit: losses_centralized [(0, 182.1794717311859), (1, 29.938664503395557)]
[2023-11-28 19:22:28,438][flwr][INFO] - app_fit: metrics_centralized {'accuracy': [(0, 0.0948), (1, 0.8831)]}
