[2023-11-28 19:11:11,546][flwr][WARNING] - 
Setting `min_available_clients` lower than `min_fit_clients` or
`min_evaluate_clients` can cause the server to fail when there are too few clients
connected to the server. `min_available_clients` must be set to a value larger
than or equal to the values of `min_fit_clients` and `min_evaluate_clients`.

[2023-11-28 19:11:11,547][flwr][INFO] - Starting Flower simulation, config: ServerConfig(num_rounds=1, round_timeout=None)
[2023-11-28 19:11:15,859][flwr][INFO] - Flower VCE: Ray initialized with resources: {'memory': 7270888244.0, 'object_store_memory': 3635444121.0, 'accelerator_type:G': 1.0, 'CPU': 8.0, 'node:192.168.100.36': 1.0, 'GPU': 1.0}
[2023-11-28 19:11:15,859][flwr][INFO] - Initializing global parameters
[2023-11-28 19:11:15,859][flwr][INFO] - Requesting initial parameters from one random client
[2023-11-28 19:11:16,929][flwr][INFO] - Received initial parameters from one random client
[2023-11-28 19:11:16,929][flwr][INFO] - Evaluating initial parameters
[2023-11-28 19:11:18,668][flwr][INFO] - initial parameters (loss, other metrics): 181.82829523086548, {'accuracy': 0.1161}
[2023-11-28 19:11:18,668][flwr][INFO] - FL starting
[2023-11-28 19:11:18,669][flwr][DEBUG] - fit_round 1: strategy sampled 10 clients (out of 10)
[2023-11-28 19:11:35,849][flwr][DEBUG] - fit_round 1 received 10 results and 0 failures
[2023-11-28 19:11:35,869][flwr][WARNING] - No fit_metrics_aggregation_fn provided
[2023-11-28 19:11:37,592][flwr][INFO] - fit progress: (1, 33.951983384788036, {'accuracy': 0.8683}, 18.922965222999665)
[2023-11-28 19:11:37,592][flwr][INFO] - evaluate_round 1: no clients selected, cancel
[2023-11-28 19:11:37,592][flwr][INFO] - FL finished in 18.92330550600036
[2023-11-28 19:11:37,592][flwr][INFO] - app_fit: losses_distributed []
[2023-11-28 19:11:37,592][flwr][INFO] - app_fit: metrics_distributed_fit {}
[2023-11-28 19:11:37,592][flwr][INFO] - app_fit: metrics_distributed {}
[2023-11-28 19:11:37,593][flwr][INFO] - app_fit: losses_centralized [(0, 181.82829523086548), (1, 33.951983384788036)]
[2023-11-28 19:11:37,593][flwr][INFO] - app_fit: metrics_centralized {'accuracy': [(0, 0.1161), (1, 0.8683)]}
