[2023-11-28 19:30:59,946][flwr][WARNING] - 
Setting `min_available_clients` lower than `min_fit_clients` or
`min_evaluate_clients` can cause the server to fail when there are too few clients
connected to the server. `min_available_clients` must be set to a value larger
than or equal to the values of `min_fit_clients` and `min_evaluate_clients`.

[2023-11-28 19:30:59,947][flwr][INFO] - Starting Flower simulation, config: ServerConfig(num_rounds=1, round_timeout=None)
[2023-11-28 19:31:05,259][flwr][INFO] - Flower VCE: Ray initialized with resources: {'memory': 7288300340.0, 'node:192.168.100.36': 1.0, 'GPU': 1.0, 'accelerator_type:G': 1.0, 'object_store_memory': 3644150169.0, 'CPU': 8.0}
[2023-11-28 19:31:05,259][flwr][INFO] - Initializing global parameters
[2023-11-28 19:31:05,259][flwr][INFO] - Requesting initial parameters from one random client
[2023-11-28 19:31:06,341][flwr][INFO] - Received initial parameters from one random client
[2023-11-28 19:31:06,342][flwr][INFO] - Evaluating initial parameters
[2023-11-28 19:31:08,133][flwr][INFO] - initial parameters (loss, other metrics): 182.1365921497345, {'accuracy': 0.1024}
[2023-11-28 19:31:08,133][flwr][INFO] - FL starting
[2023-11-28 19:31:08,134][flwr][DEBUG] - fit_round 1: strategy sampled 10 clients (out of 10)
[2023-11-28 19:38:19,128][flwr][DEBUG] - fit_round 1 received 10 results and 0 failures
[2023-11-28 19:38:19,146][flwr][WARNING] - No fit_metrics_aggregation_fn provided
[2023-11-28 19:38:21,198][flwr][INFO] - fit progress: (1, 31.661576442420483, {'accuracy': 0.8804}, 433.0648024869997)
[2023-11-28 19:38:21,198][flwr][INFO] - evaluate_round 1: no clients selected, cancel
[2023-11-28 19:38:21,199][flwr][INFO] - FL finished in 433.06512755600033
[2023-11-28 19:38:21,199][flwr][INFO] - app_fit: losses_distributed []
[2023-11-28 19:38:21,199][flwr][INFO] - app_fit: metrics_distributed_fit {}
[2023-11-28 19:38:21,199][flwr][INFO] - app_fit: metrics_distributed {}
[2023-11-28 19:38:21,199][flwr][INFO] - app_fit: losses_centralized [(0, 182.1365921497345), (1, 31.661576442420483)]
[2023-11-28 19:38:21,199][flwr][INFO] - app_fit: metrics_centralized {'accuracy': [(0, 0.1024), (1, 0.8804)]}
