[2023-11-22 18:16:59,567][flwr][WARNING] - 
Setting `min_available_clients` lower than `min_fit_clients` or
`min_evaluate_clients` can cause the server to fail when there are too few clients
connected to the server. `min_available_clients` must be set to a value larger
than or equal to the values of `min_fit_clients` and `min_evaluate_clients`.

[2023-11-22 18:16:59,568][flwr][INFO] - Starting Flower simulation, config: ServerConfig(num_rounds=1, round_timeout=None)
[2023-11-22 18:17:04,736][flwr][INFO] - Flower VCE: Ray initialized with resources: {'memory': 8945617307.0, 'GPU': 1.0, 'CPU': 8.0, 'object_store_memory': 4472808652.0, 'accelerator_type:G': 1.0, 'node:150.164.201.106': 1.0}
[2023-11-22 18:17:04,737][flwr][INFO] - Initializing global parameters
[2023-11-22 18:17:04,737][flwr][INFO] - Requesting initial parameters from one random client
[2023-11-22 18:17:05,785][flwr][INFO] - Received initial parameters from one random client
[2023-11-22 18:17:05,785][flwr][INFO] - Evaluating initial parameters
[2023-11-22 18:17:07,597][flwr][INFO] - initial parameters (loss, other metrics): 182.0507218837738, {'accuracy': 0.0481}
[2023-11-22 18:17:07,597][flwr][INFO] - FL starting
[2023-11-22 18:17:07,597][flwr][INFO] - Sampling failed: number of available clients (5) is less than number of requested clients (10).
[2023-11-22 18:17:07,597][flwr][INFO] - fit_round 1: no clients selected, cancel
[2023-11-22 18:17:09,300][flwr][INFO] - fit progress: (1, 182.0507218837738, {'accuracy': 0.0481}, 1.7034250179999617)
[2023-11-22 18:17:09,301][flwr][INFO] - evaluate_round 1: no clients selected, cancel
[2023-11-22 18:17:09,301][flwr][INFO] - FL finished in 1.7037553449999905
[2023-11-22 18:17:09,301][flwr][INFO] - app_fit: losses_distributed []
[2023-11-22 18:17:09,301][flwr][INFO] - app_fit: metrics_distributed_fit {}
[2023-11-22 18:17:09,301][flwr][INFO] - app_fit: metrics_distributed {}
[2023-11-22 18:17:09,301][flwr][INFO] - app_fit: losses_centralized [(0, 182.0507218837738), (1, 182.0507218837738)]
[2023-11-22 18:17:09,301][flwr][INFO] - app_fit: metrics_centralized {'accuracy': [(0, 0.0481), (1, 0.0481)]}
