[2024-12-31 17:31:24,657][flwr][WARNING] - DEPRECATED FEATURE: flwr.simulation.start_simulation() is deprecated.
	Instead, use the `flwr run` CLI command to start a local simulation in your Flower app, as shown for example below:

		$ flwr new  # Create a new Flower app from a template

		$ flwr run  # Run the Flower app in Simulation Mode

	Using `start_simulation()` is deprecated.

            This is a deprecated feature. It will be removed
            entirely in future versions of Flower.
        
[2024-12-31 17:31:24,658][flwr][INFO] - Starting Flower simulation, config: num_rounds=10, no round_timeout
[2024-12-31 17:31:29,464][flwr][INFO] - Flower VCE: Ray initialized with resources: {'CPU': 8.0, 'node:__internal_head__': 1.0, 'object_store_memory': 3692754124.0, 'node:192.168.100.172': 1.0, 'memory': 7385508251.0}
[2024-12-31 17:31:29,464][flwr][INFO] - Optimize your simulation with Flower VCE: https://flower.ai/docs/framework/how-to-run-simulations.html
[2024-12-31 17:31:29,465][flwr][INFO] - Flower VCE: Resources for each Virtual Client: {'num_cpus': 2, 'num_gpus': 0.0}
[2024-12-31 17:31:29,482][flwr][INFO] - Flower VCE: Creating VirtualClientEngineActorPool with 4 actors
[2024-12-31 17:31:29,482][flwr][INFO] - [INIT]
[2024-12-31 17:31:29,482][flwr][INFO] - Requesting initial parameters from one random client
[2024-12-31 17:31:33,824][flwr][INFO] - Received initial parameters from one random client
[2024-12-31 17:31:33,824][flwr][INFO] - Starting evaluation of initial global parameters
[2024-12-31 17:31:35,535][flwr][INFO] - initial parameters (loss, other metrics): 182.0270037651062, {'accuracy': 0.1234}
[2024-12-31 17:31:35,535][flwr][INFO] - 
[2024-12-31 17:31:35,535][flwr][INFO] - [ROUND 1]
[2024-12-31 17:31:35,536][flwr][INFO] - configure_fit: strategy sampled 10 clients (out of 100)
[2024-12-31 17:31:46,926][flwr][INFO] - aggregate_fit: received 10 results and 0 failures
[2024-12-31 17:31:46,933][flwr][WARNING] - No fit_metrics_aggregation_fn provided
[2024-12-31 17:31:48,619][flwr][INFO] - fit progress: (1, 178.55219626426697, {'accuracy': 0.3519}, 13.083793654000146)
[2024-12-31 17:31:48,619][flwr][INFO] - configure_evaluate: no clients selected, skipping evaluation
[2024-12-31 17:31:48,619][flwr][INFO] - 
[2024-12-31 17:31:48,619][flwr][INFO] - [ROUND 2]
[2024-12-31 17:31:48,620][flwr][INFO] - configure_fit: strategy sampled 10 clients (out of 100)
[2024-12-31 17:31:54,567][flwr][INFO] - aggregate_fit: received 10 results and 0 failures
[2024-12-31 17:31:56,265][flwr][INFO] - fit progress: (2, 155.6321679353714, {'accuracy': 0.5976}, 20.729783648999728)
[2024-12-31 17:31:56,265][flwr][INFO] - configure_evaluate: no clients selected, skipping evaluation
[2024-12-31 17:31:56,265][flwr][INFO] - 
[2024-12-31 17:31:56,265][flwr][INFO] - [ROUND 3]
[2024-12-31 17:31:56,302][flwr][INFO] - configure_fit: strategy sampled 10 clients (out of 100)
[2024-12-31 17:32:34,318][flwr][INFO] - aggregate_fit: received 10 results and 0 failures
[2024-12-31 17:32:36,013][flwr][INFO] - fit progress: (3, 62.324788600206375, {'accuracy': 0.7386}, 60.477615582)
[2024-12-31 17:32:36,013][flwr][INFO] - configure_evaluate: no clients selected, skipping evaluation
[2024-12-31 17:32:36,013][flwr][INFO] - 
[2024-12-31 17:32:36,013][flwr][INFO] - [ROUND 4]
[2024-12-31 17:32:36,013][flwr][INFO] - configure_fit: strategy sampled 10 clients (out of 100)
[2024-12-31 17:32:42,756][flwr][INFO] - aggregate_fit: received 10 results and 0 failures
[2024-12-31 17:32:44,451][flwr][INFO] - fit progress: (4, 54.56151607632637, {'accuracy': 0.7638}, 68.91538876399954)
[2024-12-31 17:32:44,451][flwr][INFO] - configure_evaluate: no clients selected, skipping evaluation
[2024-12-31 17:32:44,451][flwr][INFO] - 
[2024-12-31 17:32:44,451][flwr][INFO] - [ROUND 5]
[2024-12-31 17:32:44,451][flwr][INFO] - configure_fit: strategy sampled 10 clients (out of 100)
[2024-12-31 17:39:16,025][flwr][INFO] - aggregate_fit: received 10 results and 0 failures
[2024-12-31 17:39:17,703][flwr][INFO] - fit progress: (5, 38.92395296692848, {'accuracy': 0.8503}, 462.1680999219998)
[2024-12-31 17:39:17,703][flwr][INFO] - configure_evaluate: no clients selected, skipping evaluation
[2024-12-31 17:39:17,704][flwr][INFO] - 
[2024-12-31 17:39:17,704][flwr][INFO] - [ROUND 6]
[2024-12-31 17:39:17,704][flwr][INFO] - configure_fit: strategy sampled 10 clients (out of 100)
[2024-12-31 17:39:24,891][flwr][INFO] - aggregate_fit: received 10 results and 0 failures
[2024-12-31 17:39:26,580][flwr][INFO] - fit progress: (6, 31.134609445929527, {'accuracy': 0.8888}, 471.04437194599996)
[2024-12-31 17:39:26,580][flwr][INFO] - configure_evaluate: no clients selected, skipping evaluation
[2024-12-31 17:39:26,580][flwr][INFO] - 
[2024-12-31 17:39:26,580][flwr][INFO] - [ROUND 7]
[2024-12-31 17:39:26,580][flwr][INFO] - configure_fit: strategy sampled 10 clients (out of 100)
[2024-12-31 17:39:34,131][flwr][INFO] - aggregate_fit: received 10 results and 0 failures
[2024-12-31 17:39:35,902][flwr][INFO] - fit progress: (7, 23.383229613304138, {'accuracy': 0.9175}, 480.36673105799946)
[2024-12-31 17:39:35,902][flwr][INFO] - configure_evaluate: no clients selected, skipping evaluation
[2024-12-31 17:39:35,902][flwr][INFO] - 
[2024-12-31 17:39:35,902][flwr][INFO] - [ROUND 8]
[2024-12-31 17:39:35,902][flwr][INFO] - configure_fit: strategy sampled 10 clients (out of 100)
[2024-12-31 17:39:43,103][flwr][INFO] - aggregate_fit: received 10 results and 0 failures
[2024-12-31 17:39:45,247][flwr][INFO] - fit progress: (8, 19.311710435897112, {'accuracy': 0.9238}, 489.7117865760001)
[2024-12-31 17:39:45,247][flwr][INFO] - configure_evaluate: no clients selected, skipping evaluation
[2024-12-31 17:39:45,247][flwr][INFO] - 
[2024-12-31 17:39:45,248][flwr][INFO] - [ROUND 9]
[2024-12-31 17:39:45,248][flwr][INFO] - configure_fit: strategy sampled 10 clients (out of 100)
[2024-12-31 17:43:21,919][flwr][INFO] - aggregate_fit: received 10 results and 0 failures
[2024-12-31 17:43:23,600][flwr][INFO] - fit progress: (9, 16.557870285585523, {'accuracy': 0.9366}, 708.06434266)
[2024-12-31 17:43:23,600][flwr][INFO] - configure_evaluate: no clients selected, skipping evaluation
[2024-12-31 17:43:23,600][flwr][INFO] - 
[2024-12-31 17:43:23,600][flwr][INFO] - [ROUND 10]
[2024-12-31 17:43:23,600][flwr][INFO] - configure_fit: strategy sampled 10 clients (out of 100)
[2024-12-31 17:43:29,675][flwr][INFO] - aggregate_fit: received 10 results and 0 failures
[2024-12-31 17:43:31,377][flwr][INFO] - fit progress: (10, 15.846127776429057, {'accuracy': 0.9354}, 715.8413658589998)
[2024-12-31 17:43:31,377][flwr][INFO] - configure_evaluate: no clients selected, skipping evaluation
[2024-12-31 17:43:31,413][flwr][INFO] - 
[2024-12-31 17:43:31,413][flwr][INFO] - [SUMMARY]
[2024-12-31 17:43:31,413][flwr][INFO] - Run finished 10 round(s) in 715.88s
[2024-12-31 17:43:31,414][flwr][INFO] - 	History (loss, centralized):
[2024-12-31 17:43:31,414][flwr][INFO] - 		round 0: 182.0270037651062
[2024-12-31 17:43:31,414][flwr][INFO] - 		round 1: 178.55219626426697
[2024-12-31 17:43:31,414][flwr][INFO] - 		round 2: 155.6321679353714
[2024-12-31 17:43:31,414][flwr][INFO] - 		round 3: 62.324788600206375
[2024-12-31 17:43:31,414][flwr][INFO] - 		round 4: 54.56151607632637
[2024-12-31 17:43:31,414][flwr][INFO] - 		round 5: 38.92395296692848
[2024-12-31 17:43:31,414][flwr][INFO] - 		round 6: 31.134609445929527
[2024-12-31 17:43:31,414][flwr][INFO] - 		round 7: 23.383229613304138
[2024-12-31 17:43:31,415][flwr][INFO] - 		round 8: 19.311710435897112
[2024-12-31 17:43:31,415][flwr][INFO] - 		round 9: 16.557870285585523
[2024-12-31 17:43:31,415][flwr][INFO] - 		round 10: 15.846127776429057
[2024-12-31 17:43:31,415][flwr][INFO] - 	History (metrics, centralized):
[2024-12-31 17:43:31,415][flwr][INFO] - 	{'accuracy': [(0, 0.1234),
[2024-12-31 17:43:31,415][flwr][INFO] - 	              (1, 0.3519),
[2024-12-31 17:43:31,415][flwr][INFO] - 	              (2, 0.5976),
[2024-12-31 17:43:31,415][flwr][INFO] - 	              (3, 0.7386),
[2024-12-31 17:43:31,415][flwr][INFO] - 	              (4, 0.7638),
[2024-12-31 17:43:31,415][flwr][INFO] - 	              (5, 0.8503),
[2024-12-31 17:43:31,415][flwr][INFO] - 	              (6, 0.8888),
[2024-12-31 17:43:31,416][flwr][INFO] - 	              (7, 0.9175),
[2024-12-31 17:43:31,416][flwr][INFO] - 	              (8, 0.9238),
[2024-12-31 17:43:31,416][flwr][INFO] - 	              (9, 0.9366),
[2024-12-31 17:43:31,416][flwr][INFO] - 	              (10, 0.9354)]}
[2024-12-31 17:43:31,416][flwr][INFO] - 
