[2023-11-28 18:38:00,722][flwr][WARNING] - 
Setting `min_available_clients` lower than `min_fit_clients` or
`min_evaluate_clients` can cause the server to fail when there are too few clients
connected to the server. `min_available_clients` must be set to a value larger
than or equal to the values of `min_fit_clients` and `min_evaluate_clients`.

[2023-11-28 18:38:00,723][flwr][INFO] - Starting Flower simulation, config: ServerConfig(num_rounds=1, round_timeout=None)
[2023-11-28 18:38:06,015][flwr][INFO] - Flower VCE: Ray initialized with resources: {'GPU': 1.0, 'accelerator_type:G': 1.0, 'CPU': 8.0, 'memory': 6750658560.0, 'node:192.168.100.36': 1.0, 'object_store_memory': 3375329280.0}
[2023-11-28 18:38:06,015][flwr][INFO] - Initializing global parameters
[2023-11-28 18:38:06,016][flwr][INFO] - Requesting initial parameters from one random client
[2023-11-28 18:38:07,089][flwr][INFO] - Received initial parameters from one random client
[2023-11-28 18:38:07,089][flwr][INFO] - Evaluating initial parameters
[2023-11-28 18:38:08,869][flwr][INFO] - initial parameters (loss, other metrics): 181.8549304008484, {'accuracy': 0.1108}
[2023-11-28 18:38:08,869][flwr][INFO] - FL starting
[2023-11-28 18:38:08,869][flwr][INFO] - Sampling failed: number of available clients (5) is less than number of requested clients (10).
[2023-11-28 18:38:08,869][flwr][INFO] - fit_round 1: no clients selected, cancel
[2023-11-28 18:38:10,688][flwr][INFO] - fit progress: (1, 181.8549304008484, {'accuracy': 0.1108}, 1.8186757470002703)
[2023-11-28 18:38:10,688][flwr][INFO] - evaluate_round 1: no clients selected, cancel
[2023-11-28 18:38:10,688][flwr][INFO] - FL finished in 1.8190111249996335
[2023-11-28 18:38:10,688][flwr][INFO] - app_fit: losses_distributed []
[2023-11-28 18:38:10,689][flwr][INFO] - app_fit: metrics_distributed_fit {}
[2023-11-28 18:38:10,689][flwr][INFO] - app_fit: metrics_distributed {}
[2023-11-28 18:38:10,689][flwr][INFO] - app_fit: losses_centralized [(0, 181.8549304008484), (1, 181.8549304008484)]
[2023-11-28 18:38:10,689][flwr][INFO] - app_fit: metrics_centralized {'accuracy': [(0, 0.1108), (1, 0.1108)]}
