[2023-11-28 18:27:32,974][flwr][WARNING] - 
Setting `min_available_clients` lower than `min_fit_clients` or
`min_evaluate_clients` can cause the server to fail when there are too few clients
connected to the server. `min_available_clients` must be set to a value larger
than or equal to the values of `min_fit_clients` and `min_evaluate_clients`.

[2023-11-28 18:27:32,975][flwr][INFO] - Starting Flower simulation, config: ServerConfig(num_rounds=1, round_timeout=None)
[2023-11-28 18:27:38,299][flwr][INFO] - Flower VCE: Ray initialized with resources: {'object_store_memory': 3378232934.0, 'CPU': 8.0, 'node:192.168.100.36': 1.0, 'GPU': 1.0, 'accelerator_type:G': 1.0, 'memory': 6756465870.0}
[2023-11-28 18:27:38,300][flwr][INFO] - Initializing global parameters
[2023-11-28 18:27:38,300][flwr][INFO] - Requesting initial parameters from one random client
[2023-11-28 18:27:39,378][flwr][INFO] - Received initial parameters from one random client
[2023-11-28 18:27:39,378][flwr][INFO] - Evaluating initial parameters
[2023-11-28 18:27:41,217][flwr][INFO] - initial parameters (loss, other metrics): 182.09123992919922, {'accuracy': 0.1209}
[2023-11-28 18:27:41,217][flwr][INFO] - FL starting
[2023-11-28 18:27:41,217][flwr][INFO] - Sampling failed: number of available clients (5) is less than number of requested clients (10).
[2023-11-28 18:27:41,217][flwr][INFO] - fit_round 1: no clients selected, cancel
[2023-11-28 18:27:43,051][flwr][INFO] - fit progress: (1, 182.09123992919922, {'accuracy': 0.1209}, 1.8340810890003922)
[2023-11-28 18:27:43,052][flwr][INFO] - evaluate_round 1: no clients selected, cancel
[2023-11-28 18:27:43,052][flwr][INFO] - FL finished in 1.8345257650007625
[2023-11-28 18:27:43,052][flwr][INFO] - app_fit: losses_distributed []
[2023-11-28 18:27:43,052][flwr][INFO] - app_fit: metrics_distributed_fit {}
[2023-11-28 18:27:43,052][flwr][INFO] - app_fit: metrics_distributed {}
[2023-11-28 18:27:43,052][flwr][INFO] - app_fit: losses_centralized [(0, 182.09123992919922), (1, 182.09123992919922)]
[2023-11-28 18:27:43,052][flwr][INFO] - app_fit: metrics_centralized {'accuracy': [(0, 0.1209), (1, 0.1209)]}
