[2023-11-28 18:27:50,867][flwr][WARNING] - 
Setting `min_available_clients` lower than `min_fit_clients` or
`min_evaluate_clients` can cause the server to fail when there are too few clients
connected to the server. `min_available_clients` must be set to a value larger
than or equal to the values of `min_fit_clients` and `min_evaluate_clients`.

[2023-11-28 18:27:50,868][flwr][INFO] - Starting Flower simulation, config: ServerConfig(num_rounds=1, round_timeout=None)
[2023-11-28 18:27:56,174][flwr][INFO] - Flower VCE: Ray initialized with resources: {'GPU': 1.0, 'memory': 6774784820.0, 'node:192.168.100.36': 1.0, 'accelerator_type:G': 1.0, 'CPU': 8.0, 'object_store_memory': 3387392409.0}
[2023-11-28 18:27:56,174][flwr][INFO] - Initializing global parameters
[2023-11-28 18:27:56,175][flwr][INFO] - Requesting initial parameters from one random client
[2023-11-28 18:27:57,253][flwr][INFO] - Received initial parameters from one random client
[2023-11-28 18:27:57,253][flwr][INFO] - Evaluating initial parameters
[2023-11-28 18:27:59,072][flwr][INFO] - initial parameters (loss, other metrics): 181.80241513252258, {'accuracy': 0.0854}
[2023-11-28 18:27:59,072][flwr][INFO] - FL starting
[2023-11-28 18:27:59,072][flwr][INFO] - Sampling failed: number of available clients (5) is less than number of requested clients (10).
[2023-11-28 18:27:59,072][flwr][INFO] - fit_round 1: no clients selected, cancel
[2023-11-28 18:28:00,942][flwr][INFO] - fit progress: (1, 181.80241513252258, {'accuracy': 0.0854}, 1.870037443000001)
[2023-11-28 18:28:00,942][flwr][INFO] - evaluate_round 1: no clients selected, cancel
[2023-11-28 18:28:00,942][flwr][INFO] - FL finished in 1.8702963100004126
[2023-11-28 18:28:00,943][flwr][INFO] - app_fit: losses_distributed []
[2023-11-28 18:28:00,943][flwr][INFO] - app_fit: metrics_distributed_fit {}
[2023-11-28 18:28:00,943][flwr][INFO] - app_fit: metrics_distributed {}
[2023-11-28 18:28:00,943][flwr][INFO] - app_fit: losses_centralized [(0, 181.80241513252258), (1, 181.80241513252258)]
[2023-11-28 18:28:00,943][flwr][INFO] - app_fit: metrics_centralized {'accuracy': [(0, 0.0854), (1, 0.0854)]}
