[2024-12-31 16:16:20,320][flwr][WARNING] - DEPRECATED FEATURE: flwr.simulation.start_simulation() is deprecated.
	Instead, use the `flwr run` CLI command to start a local simulation in your Flower app, as shown for example below:

		$ flwr new  # Create a new Flower app from a template

		$ flwr run  # Run the Flower app in Simulation Mode

	Using `start_simulation()` is deprecated.

            This is a deprecated feature. It will be removed
            entirely in future versions of Flower.
        
[2024-12-31 16:16:20,320][flwr][INFO] - Starting Flower simulation, config: num_rounds=10, no round_timeout
[2024-12-31 16:16:25,184][flwr][INFO] - Flower VCE: Ray initialized with resources: {'CPU': 8.0, 'node:__internal_head__': 1.0, 'object_store_memory': 3706554777.0, 'memory': 7413109556.0, 'node:192.168.100.172': 1.0}
[2024-12-31 16:16:25,184][flwr][INFO] - Optimize your simulation with Flower VCE: https://flower.ai/docs/framework/how-to-run-simulations.html
[2024-12-31 16:16:25,184][flwr][INFO] - Flower VCE: Resources for each Virtual Client: {'num_cpus': 2, 'num_gpus': 0.0}
[2024-12-31 16:16:25,202][flwr][INFO] - Flower VCE: Creating VirtualClientEngineActorPool with 4 actors
[2024-12-31 16:16:25,203][flwr][INFO] - [INIT]
[2024-12-31 16:16:25,203][flwr][INFO] - Requesting initial parameters from one random client
[2024-12-31 16:16:29,533][flwr][INFO] - Received initial parameters from one random client
[2024-12-31 16:16:29,533][flwr][INFO] - Starting evaluation of initial global parameters
[2024-12-31 16:16:31,282][flwr][INFO] - initial parameters (loss, other metrics): 182.120685338974, {'accuracy': 0.0829}
[2024-12-31 16:16:31,282][flwr][INFO] - 
[2024-12-31 16:16:31,283][flwr][INFO] - [ROUND 1]
[2024-12-31 16:16:31,283][flwr][INFO] - configure_fit: strategy sampled 10 clients (out of 100)
