[2023-11-16 19:24:54,858][flwr][WARNING] - 
Setting `min_available_clients` lower than `min_fit_clients` or
`min_evaluate_clients` can cause the server to fail when there are too few clients
connected to the server. `min_available_clients` must be set to a value larger
than or equal to the values of `min_fit_clients` and `min_evaluate_clients`.

[2023-11-16 19:24:54,859][flwr][INFO] - Starting Flower simulation, config: ServerConfig(num_rounds=1, round_timeout=None)
[2023-11-16 19:25:00,397][flwr][INFO] - Flower VCE: Ray initialized with resources: {'memory': 5832919451.0, 'accelerator_type:G': 1.0, 'CPU': 8.0, 'object_store_memory': 2916459724.0, 'node:192.168.100.36': 1.0, 'GPU': 1.0}
[2023-11-16 19:25:00,398][flwr][INFO] - Initializing global parameters
[2023-11-16 19:25:00,398][flwr][INFO] - Requesting initial parameters from one random client
[2023-11-16 19:25:01,635][flwr][INFO] - Received initial parameters from one random client
[2023-11-16 19:25:01,636][flwr][INFO] - Evaluating initial parameters
[2023-11-16 19:25:03,682][flwr][INFO] - initial parameters (loss, other metrics): 182.37850880622864, {'accuracy': 0.1153}
[2023-11-16 19:25:03,682][flwr][INFO] - FL starting
[2023-11-16 19:25:03,683][flwr][DEBUG] - fit_round 1: strategy sampled 10 clients (out of 10)
[2023-11-16 19:28:07,092][flwr][DEBUG] - fit_round 1 received 10 results and 0 failures
[2023-11-16 19:28:07,115][flwr][WARNING] - No fit_metrics_aggregation_fn provided
[2023-11-16 19:28:09,292][flwr][INFO] - fit progress: (1, 181.8963701725006, {'accuracy': 0.1135}, 185.60905873299998)
[2023-11-16 19:28:09,292][flwr][INFO] - evaluate_round 1: no clients selected, cancel
[2023-11-16 19:28:09,292][flwr][INFO] - FL finished in 185.60931566599993
[2023-11-16 19:28:09,292][flwr][INFO] - app_fit: losses_distributed []
[2023-11-16 19:28:09,292][flwr][INFO] - app_fit: metrics_distributed_fit {}
[2023-11-16 19:28:09,292][flwr][INFO] - app_fit: metrics_distributed {}
[2023-11-16 19:28:09,292][flwr][INFO] - app_fit: losses_centralized [(0, 182.37850880622864), (1, 181.8963701725006)]
[2023-11-16 19:28:09,292][flwr][INFO] - app_fit: metrics_centralized {'accuracy': [(0, 0.1153), (1, 0.1135)]}
