[2024-12-31 15:56:23,899][flwr][WARNING] - DEPRECATED FEATURE: flwr.simulation.start_simulation() is deprecated.
	Instead, use the `flwr run` CLI command to start a local simulation in your Flower app, as shown for example below:

		$ flwr new  # Create a new Flower app from a template

		$ flwr run  # Run the Flower app in Simulation Mode

	Using `start_simulation()` is deprecated.

            This is a deprecated feature. It will be removed
            entirely in future versions of Flower.
        
[2024-12-31 15:56:23,900][flwr][INFO] - Starting Flower simulation, config: num_rounds=10, no round_timeout
[2024-12-31 15:56:29,595][flwr][INFO] - Flower VCE: Ray initialized with resources: {'CPU': 8.0, 'node:192.168.100.172': 1.0, 'object_store_memory': 3803931033.0, 'memory': 7607862068.0, 'node:__internal_head__': 1.0}
[2024-12-31 15:56:29,595][flwr][INFO] - Optimize your simulation with Flower VCE: https://flower.ai/docs/framework/how-to-run-simulations.html
[2024-12-31 15:56:29,595][flwr][INFO] - Flower VCE: Resources for each Virtual Client: {'num_cpus': 2, 'num_gpus': 0.0}
[2024-12-31 15:56:29,612][flwr][INFO] - Flower VCE: Creating VirtualClientEngineActorPool with 4 actors
[2024-12-31 15:56:29,614][flwr][INFO] - [INIT]
[2024-12-31 15:56:29,614][flwr][INFO] - Requesting initial parameters from one random client
[2024-12-31 15:56:34,072][flwr][INFO] - Received initial parameters from one random client
[2024-12-31 15:56:34,072][flwr][INFO] - Starting evaluation of initial global parameters
[2024-12-31 15:56:35,848][flwr][INFO] - initial parameters (loss, other metrics): 182.12843799591064, {'accuracy': 0.101}
[2024-12-31 15:56:35,849][flwr][INFO] - 
[2024-12-31 15:56:35,849][flwr][INFO] - [ROUND 1]
[2024-12-31 15:56:35,849][flwr][INFO] - configure_fit: strategy sampled 10 clients (out of 100)
[2024-12-31 15:56:46,645][flwr][INFO] - aggregate_fit: received 10 results and 0 failures
[2024-12-31 15:56:46,652][flwr][WARNING] - No fit_metrics_aggregation_fn provided
[2024-12-31 15:56:48,384][flwr][INFO] - fit progress: (1, 180.7531657218933, {'accuracy': 0.1011}, 12.53499924699986)
[2024-12-31 15:56:48,384][flwr][INFO] - configure_evaluate: no clients selected, skipping evaluation
[2024-12-31 15:56:48,384][flwr][INFO] - 
[2024-12-31 15:56:48,384][flwr][INFO] - [ROUND 2]
[2024-12-31 15:56:48,384][flwr][INFO] - configure_fit: strategy sampled 10 clients (out of 100)
[2024-12-31 15:56:54,691][flwr][INFO] - aggregate_fit: received 10 results and 0 failures
[2024-12-31 15:56:56,396][flwr][INFO] - fit progress: (2, 177.60504722595215, {'accuracy': 0.3858}, 20.54704745899994)
[2024-12-31 15:56:56,396][flwr][INFO] - configure_evaluate: no clients selected, skipping evaluation
[2024-12-31 15:56:56,396][flwr][INFO] - 
[2024-12-31 15:56:56,396][flwr][INFO] - [ROUND 3]
[2024-12-31 15:56:56,396][flwr][INFO] - configure_fit: strategy sampled 10 clients (out of 100)
[2024-12-31 15:57:03,524][flwr][INFO] - aggregate_fit: received 10 results and 0 failures
[2024-12-31 15:57:05,263][flwr][INFO] - fit progress: (3, 155.43997728824615, {'accuracy': 0.5292}, 29.414208106999922)
[2024-12-31 15:57:05,263][flwr][INFO] - configure_evaluate: no clients selected, skipping evaluation
[2024-12-31 15:57:05,263][flwr][INFO] - 
[2024-12-31 15:57:05,263][flwr][INFO] - [ROUND 4]
[2024-12-31 15:57:05,263][flwr][INFO] - configure_fit: strategy sampled 10 clients (out of 100)
[2024-12-31 15:57:11,127][flwr][INFO] - aggregate_fit: received 10 results and 0 failures
[2024-12-31 15:57:12,859][flwr][INFO] - fit progress: (4, 59.977816104888916, {'accuracy': 0.792}, 37.01092688599988)
[2024-12-31 15:57:12,860][flwr][INFO] - configure_evaluate: no clients selected, skipping evaluation
[2024-12-31 15:57:12,860][flwr][INFO] - 
[2024-12-31 15:57:12,860][flwr][INFO] - [ROUND 5]
[2024-12-31 15:57:12,860][flwr][INFO] - configure_fit: strategy sampled 10 clients (out of 100)
[2024-12-31 15:57:18,326][flwr][INFO] - aggregate_fit: received 10 results and 0 failures
[2024-12-31 15:57:20,074][flwr][INFO] - fit progress: (5, 37.894327625632286, {'accuracy': 0.8866}, 44.22527465500002)
[2024-12-31 15:57:20,074][flwr][INFO] - configure_evaluate: no clients selected, skipping evaluation
[2024-12-31 15:57:20,074][flwr][INFO] - 
[2024-12-31 15:57:20,074][flwr][INFO] - [ROUND 6]
[2024-12-31 15:57:20,074][flwr][INFO] - configure_fit: strategy sampled 10 clients (out of 100)
[2024-12-31 15:57:26,938][flwr][INFO] - aggregate_fit: received 10 results and 0 failures
[2024-12-31 15:57:28,633][flwr][INFO] - fit progress: (6, 29.83182544261217, {'accuracy': 0.9065}, 52.78402644499988)
[2024-12-31 15:57:28,633][flwr][INFO] - configure_evaluate: no clients selected, skipping evaluation
[2024-12-31 15:57:28,633][flwr][INFO] - 
[2024-12-31 15:57:28,633][flwr][INFO] - [ROUND 7]
[2024-12-31 15:57:28,633][flwr][INFO] - configure_fit: strategy sampled 10 clients (out of 100)
[2024-12-31 15:57:36,801][flwr][INFO] - aggregate_fit: received 10 results and 0 failures
[2024-12-31 15:57:38,611][flwr][INFO] - fit progress: (7, 22.859936766326427, {'accuracy': 0.9168}, 62.76285277199986)
[2024-12-31 15:57:38,612][flwr][INFO] - configure_evaluate: no clients selected, skipping evaluation
[2024-12-31 15:57:38,612][flwr][INFO] - 
[2024-12-31 15:57:38,612][flwr][INFO] - [ROUND 8]
[2024-12-31 15:57:38,612][flwr][INFO] - configure_fit: strategy sampled 10 clients (out of 100)
[2024-12-31 15:57:45,647][flwr][INFO] - aggregate_fit: received 10 results and 0 failures
[2024-12-31 15:57:47,374][flwr][INFO] - fit progress: (8, 19.2610442340374, {'accuracy': 0.9296}, 71.52497681)
[2024-12-31 15:57:47,374][flwr][INFO] - configure_evaluate: no clients selected, skipping evaluation
[2024-12-31 15:57:47,374][flwr][INFO] - 
[2024-12-31 15:57:47,374][flwr][INFO] - [ROUND 9]
[2024-12-31 15:57:47,374][flwr][INFO] - configure_fit: strategy sampled 10 clients (out of 100)
[2024-12-31 15:57:53,728][flwr][INFO] - aggregate_fit: received 10 results and 0 failures
[2024-12-31 15:57:55,616][flwr][INFO] - fit progress: (9, 14.924150165170431, {'accuracy': 0.9445}, 79.76782736599989)
[2024-12-31 15:57:55,617][flwr][INFO] - configure_evaluate: no clients selected, skipping evaluation
[2024-12-31 15:57:55,617][flwr][INFO] - 
[2024-12-31 15:57:55,617][flwr][INFO] - [ROUND 10]
[2024-12-31 15:57:55,617][flwr][INFO] - configure_fit: strategy sampled 10 clients (out of 100)
[2024-12-31 15:58:01,956][flwr][INFO] - aggregate_fit: received 10 results and 0 failures
[2024-12-31 15:58:03,746][flwr][INFO] - fit progress: (10, 13.018399455584586, {'accuracy': 0.9496}, 87.89719455)
[2024-12-31 15:58:03,746][flwr][INFO] - configure_evaluate: no clients selected, skipping evaluation
[2024-12-31 15:58:03,746][flwr][INFO] - 
[2024-12-31 15:58:03,746][flwr][INFO] - [SUMMARY]
[2024-12-31 15:58:03,746][flwr][INFO] - Run finished 10 round(s) in 87.90s
[2024-12-31 15:58:03,747][flwr][INFO] - 	History (loss, centralized):
[2024-12-31 15:58:03,747][flwr][INFO] - 		round 0: 182.12843799591064
[2024-12-31 15:58:03,747][flwr][INFO] - 		round 1: 180.7531657218933
[2024-12-31 15:58:03,747][flwr][INFO] - 		round 2: 177.60504722595215
[2024-12-31 15:58:03,747][flwr][INFO] - 		round 3: 155.43997728824615
[2024-12-31 15:58:03,747][flwr][INFO] - 		round 4: 59.977816104888916
[2024-12-31 15:58:03,747][flwr][INFO] - 		round 5: 37.894327625632286
[2024-12-31 15:58:03,747][flwr][INFO] - 		round 6: 29.83182544261217
[2024-12-31 15:58:03,748][flwr][INFO] - 		round 7: 22.859936766326427
[2024-12-31 15:58:03,748][flwr][INFO] - 		round 8: 19.2610442340374
[2024-12-31 15:58:03,748][flwr][INFO] - 		round 9: 14.924150165170431
[2024-12-31 15:58:03,748][flwr][INFO] - 		round 10: 13.018399455584586
[2024-12-31 15:58:03,748][flwr][INFO] - 	History (metrics, centralized):
[2024-12-31 15:58:03,748][flwr][INFO] - 	{'accuracy': [(0, 0.101),
[2024-12-31 15:58:03,748][flwr][INFO] - 	              (1, 0.1011),
[2024-12-31 15:58:03,748][flwr][INFO] - 	              (2, 0.3858),
[2024-12-31 15:58:03,748][flwr][INFO] - 	              (3, 0.5292),
[2024-12-31 15:58:03,748][flwr][INFO] - 	              (4, 0.792),
[2024-12-31 15:58:03,749][flwr][INFO] - 	              (5, 0.8866),
[2024-12-31 15:58:03,749][flwr][INFO] - 	              (6, 0.9065),
[2024-12-31 15:58:03,749][flwr][INFO] - 	              (7, 0.9168),
[2024-12-31 15:58:03,749][flwr][INFO] - 	              (8, 0.9296),
[2024-12-31 15:58:03,749][flwr][INFO] - 	              (9, 0.9445),
[2024-12-31 15:58:03,749][flwr][INFO] - 	              (10, 0.9496)]}
[2024-12-31 15:58:03,749][flwr][INFO] - 
