[2024-12-31 16:31:28,357][flwr][WARNING] - DEPRECATED FEATURE: flwr.simulation.start_simulation() is deprecated.
	Instead, use the `flwr run` CLI command to start a local simulation in your Flower app, as shown for example below:

		$ flwr new  # Create a new Flower app from a template

		$ flwr run  # Run the Flower app in Simulation Mode

	Using `start_simulation()` is deprecated.

            This is a deprecated feature. It will be removed
            entirely in future versions of Flower.
        
[2024-12-31 16:31:28,358][flwr][INFO] - Starting Flower simulation, config: num_rounds=10, no round_timeout
[2024-12-31 16:31:33,124][flwr][INFO] - Flower VCE: Ray initialized with resources: {'node:__internal_head__': 1.0, 'CPU': 8.0, 'memory': 7368882587.0, 'node:192.168.100.172': 1.0, 'object_store_memory': 3684441292.0}
[2024-12-31 16:31:33,125][flwr][INFO] - Optimize your simulation with Flower VCE: https://flower.ai/docs/framework/how-to-run-simulations.html
[2024-12-31 16:31:33,125][flwr][INFO] - Flower VCE: Resources for each Virtual Client: {'num_cpus': 2, 'num_gpus': 0.0}
[2024-12-31 16:31:33,143][flwr][INFO] - Flower VCE: Creating VirtualClientEngineActorPool with 4 actors
[2024-12-31 16:31:33,143][flwr][INFO] - [INIT]
[2024-12-31 16:31:33,144][flwr][INFO] - Requesting initial parameters from one random client
[2024-12-31 16:31:37,516][flwr][INFO] - Received initial parameters from one random client
[2024-12-31 16:31:37,516][flwr][INFO] - Starting evaluation of initial global parameters
[2024-12-31 16:31:39,263][flwr][INFO] - initial parameters (loss, other metrics): 181.9085545539856, {'accuracy': 0.1093}
[2024-12-31 16:31:39,263][flwr][INFO] - 
[2024-12-31 16:31:39,263][flwr][INFO] - [ROUND 1]
[2024-12-31 16:31:39,263][flwr][INFO] - configure_fit: strategy sampled 10 clients (out of 100)
[2024-12-31 16:31:50,144][flwr][INFO] - aggregate_fit: received 10 results and 0 failures
[2024-12-31 16:31:50,152][flwr][WARNING] - No fit_metrics_aggregation_fn provided
[2024-12-31 16:31:51,892][flwr][INFO] - fit progress: (1, 178.27739763259888, {'accuracy': 0.2834}, 12.629322114000388)
[2024-12-31 16:31:51,892][flwr][INFO] - configure_evaluate: no clients selected, skipping evaluation
[2024-12-31 16:31:51,892][flwr][INFO] - 
[2024-12-31 16:31:51,892][flwr][INFO] - [ROUND 2]
[2024-12-31 16:31:51,893][flwr][INFO] - configure_fit: strategy sampled 10 clients (out of 100)
[2024-12-31 16:32:15,184][flwr][INFO] - aggregate_fit: received 10 results and 0 failures
[2024-12-31 16:32:16,880][flwr][INFO] - fit progress: (2, 153.25211322307587, {'accuracy': 0.5877}, 37.617640590000065)
[2024-12-31 16:32:16,881][flwr][INFO] - configure_evaluate: no clients selected, skipping evaluation
[2024-12-31 16:32:16,881][flwr][INFO] - 
[2024-12-31 16:32:16,881][flwr][INFO] - [ROUND 3]
[2024-12-31 16:32:16,881][flwr][INFO] - configure_fit: strategy sampled 10 clients (out of 100)
[2024-12-31 16:32:22,779][flwr][INFO] - aggregate_fit: received 10 results and 0 failures
[2024-12-31 16:32:24,472][flwr][INFO] - fit progress: (3, 57.0275459587574, {'accuracy': 0.7726}, 45.209604348000084)
[2024-12-31 16:32:24,473][flwr][INFO] - configure_evaluate: no clients selected, skipping evaluation
[2024-12-31 16:32:24,473][flwr][INFO] - 
[2024-12-31 16:32:24,473][flwr][INFO] - [ROUND 4]
[2024-12-31 16:32:24,473][flwr][INFO] - configure_fit: strategy sampled 10 clients (out of 100)
[2024-12-31 16:32:30,394][flwr][INFO] - aggregate_fit: received 10 results and 0 failures
[2024-12-31 16:32:32,195][flwr][INFO] - fit progress: (4, 41.83442088961601, {'accuracy': 0.8419}, 52.931816255000285)
[2024-12-31 16:32:32,195][flwr][INFO] - configure_evaluate: no clients selected, skipping evaluation
[2024-12-31 16:32:32,195][flwr][INFO] - 
[2024-12-31 16:32:32,195][flwr][INFO] - [ROUND 5]
[2024-12-31 16:32:32,195][flwr][INFO] - configure_fit: strategy sampled 10 clients (out of 100)
[2024-12-31 16:35:41,623][flwr][INFO] - aggregate_fit: received 10 results and 0 failures
[2024-12-31 16:35:43,346][flwr][INFO] - fit progress: (5, 33.705813348293304, {'accuracy': 0.8765}, 244.08281979100002)
[2024-12-31 16:35:43,346][flwr][INFO] - configure_evaluate: no clients selected, skipping evaluation
[2024-12-31 16:35:43,346][flwr][INFO] - 
[2024-12-31 16:35:43,346][flwr][INFO] - [ROUND 6]
[2024-12-31 16:35:43,346][flwr][INFO] - configure_fit: strategy sampled 10 clients (out of 100)
[2024-12-31 16:35:49,492][flwr][INFO] - aggregate_fit: received 10 results and 0 failures
[2024-12-31 16:35:51,226][flwr][INFO] - fit progress: (6, 33.25893880426884, {'accuracy': 0.8757}, 251.9629910890003)
[2024-12-31 16:35:51,226][flwr][INFO] - configure_evaluate: no clients selected, skipping evaluation
[2024-12-31 16:35:51,226][flwr][INFO] - 
[2024-12-31 16:35:51,226][flwr][INFO] - [ROUND 7]
[2024-12-31 16:35:51,226][flwr][INFO] - configure_fit: strategy sampled 10 clients (out of 100)
[2024-12-31 16:35:56,601][flwr][INFO] - aggregate_fit: received 10 results and 0 failures
[2024-12-31 16:35:58,326][flwr][INFO] - fit progress: (7, 21.088907029479742, {'accuracy': 0.9154}, 259.06362733900005)
[2024-12-31 16:35:58,327][flwr][INFO] - configure_evaluate: no clients selected, skipping evaluation
[2024-12-31 16:35:58,327][flwr][INFO] - 
[2024-12-31 16:35:58,327][flwr][INFO] - [ROUND 8]
[2024-12-31 16:35:58,327][flwr][INFO] - configure_fit: strategy sampled 10 clients (out of 100)
[2024-12-31 16:36:04,472][flwr][INFO] - aggregate_fit: received 10 results and 0 failures
[2024-12-31 16:36:06,270][flwr][INFO] - fit progress: (8, 17.38192836754024, {'accuracy': 0.9326}, 267.0067358040001)
[2024-12-31 16:36:06,270][flwr][INFO] - configure_evaluate: no clients selected, skipping evaluation
[2024-12-31 16:36:06,270][flwr][INFO] - 
[2024-12-31 16:36:06,270][flwr][INFO] - [ROUND 9]
[2024-12-31 16:36:06,270][flwr][INFO] - configure_fit: strategy sampled 10 clients (out of 100)
[2024-12-31 16:38:46,616][flwr][INFO] - aggregate_fit: received 10 results and 0 failures
[2024-12-31 16:38:48,355][flwr][INFO] - fit progress: (9, 15.299589928239584, {'accuracy': 0.9417}, 429.09263285700035)
[2024-12-31 16:38:48,356][flwr][INFO] - configure_evaluate: no clients selected, skipping evaluation
[2024-12-31 16:38:48,356][flwr][INFO] - 
[2024-12-31 16:38:48,356][flwr][INFO] - [ROUND 10]
[2024-12-31 16:38:48,356][flwr][INFO] - configure_fit: strategy sampled 10 clients (out of 100)
[2024-12-31 16:38:55,276][flwr][INFO] - aggregate_fit: received 10 results and 0 failures
[2024-12-31 16:38:57,008][flwr][INFO] - fit progress: (10, 15.080202136188745, {'accuracy': 0.9413}, 437.7456296080004)
[2024-12-31 16:38:57,009][flwr][INFO] - configure_evaluate: no clients selected, skipping evaluation
[2024-12-31 16:38:57,009][flwr][INFO] - 
[2024-12-31 16:38:57,009][flwr][INFO] - [SUMMARY]
[2024-12-31 16:38:57,009][flwr][INFO] - Run finished 10 round(s) in 437.75s
[2024-12-31 16:38:57,009][flwr][INFO] - 	History (loss, centralized):
[2024-12-31 16:38:57,009][flwr][INFO] - 		round 0: 181.9085545539856
[2024-12-31 16:38:57,009][flwr][INFO] - 		round 1: 178.27739763259888
[2024-12-31 16:38:57,009][flwr][INFO] - 		round 2: 153.25211322307587
[2024-12-31 16:38:57,009][flwr][INFO] - 		round 3: 57.0275459587574
[2024-12-31 16:38:57,009][flwr][INFO] - 		round 4: 41.83442088961601
[2024-12-31 16:38:57,009][flwr][INFO] - 		round 5: 33.705813348293304
[2024-12-31 16:38:57,009][flwr][INFO] - 		round 6: 33.25893880426884
[2024-12-31 16:38:57,010][flwr][INFO] - 		round 7: 21.088907029479742
[2024-12-31 16:38:57,010][flwr][INFO] - 		round 8: 17.38192836754024
[2024-12-31 16:38:57,010][flwr][INFO] - 		round 9: 15.299589928239584
[2024-12-31 16:38:57,010][flwr][INFO] - 		round 10: 15.080202136188745
[2024-12-31 16:38:57,010][flwr][INFO] - 	History (metrics, centralized):
[2024-12-31 16:38:57,010][flwr][INFO] - 	{'accuracy': [(0, 0.1093),
[2024-12-31 16:38:57,010][flwr][INFO] - 	              (1, 0.2834),
[2024-12-31 16:38:57,010][flwr][INFO] - 	              (2, 0.5877),
[2024-12-31 16:38:57,010][flwr][INFO] - 	              (3, 0.7726),
[2024-12-31 16:38:57,010][flwr][INFO] - 	              (4, 0.8419),
[2024-12-31 16:38:57,010][flwr][INFO] - 	              (5, 0.8765),
[2024-12-31 16:38:57,010][flwr][INFO] - 	              (6, 0.8757),
[2024-12-31 16:38:57,010][flwr][INFO] - 	              (7, 0.9154),
[2024-12-31 16:38:57,010][flwr][INFO] - 	              (8, 0.9326),
[2024-12-31 16:38:57,010][flwr][INFO] - 	              (9, 0.9417),
[2024-12-31 16:38:57,010][flwr][INFO] - 	              (10, 0.9413)]}
[2024-12-31 16:38:57,010][flwr][INFO] - 
