[2023-11-28 19:12:31,294][flwr][WARNING] - 
Setting `min_available_clients` lower than `min_fit_clients` or
`min_evaluate_clients` can cause the server to fail when there are too few clients
connected to the server. `min_available_clients` must be set to a value larger
than or equal to the values of `min_fit_clients` and `min_evaluate_clients`.

[2023-11-28 19:12:31,295][flwr][INFO] - Starting Flower simulation, config: ServerConfig(num_rounds=1, round_timeout=None)
[2023-11-28 19:12:36,584][flwr][INFO] - Flower VCE: Ray initialized with resources: {'node:192.168.100.36': 1.0, 'GPU': 1.0, 'memory': 7263648155.0, 'CPU': 8.0, 'object_store_memory': 3631824076.0, 'accelerator_type:G': 1.0}
[2023-11-28 19:12:36,584][flwr][INFO] - Initializing global parameters
[2023-11-28 19:12:36,585][flwr][INFO] - Requesting initial parameters from one random client
[2023-11-28 19:12:37,704][flwr][INFO] - Received initial parameters from one random client
[2023-11-28 19:12:37,704][flwr][INFO] - Evaluating initial parameters
[2023-11-28 19:12:39,505][flwr][INFO] - initial parameters (loss, other metrics): 181.9330997467041, {'accuracy': 0.1071}
[2023-11-28 19:12:39,506][flwr][INFO] - FL starting
[2023-11-28 19:12:39,506][flwr][DEBUG] - fit_round 1: strategy sampled 10 clients (out of 10)
[2023-11-28 19:12:57,015][flwr][DEBUG] - fit_round 1 received 10 results and 0 failures
[2023-11-28 19:12:57,032][flwr][WARNING] - No fit_metrics_aggregation_fn provided
[2023-11-28 19:12:58,779][flwr][INFO] - fit progress: (1, 45.942970991134644, {'accuracy': 0.8265}, 19.273380837999866)
[2023-11-28 19:12:58,779][flwr][INFO] - evaluate_round 1: no clients selected, cancel
[2023-11-28 19:12:58,779][flwr][INFO] - FL finished in 19.273681323000346
[2023-11-28 19:12:58,780][flwr][INFO] - app_fit: losses_distributed []
[2023-11-28 19:12:58,780][flwr][INFO] - app_fit: metrics_distributed_fit {}
[2023-11-28 19:12:58,780][flwr][INFO] - app_fit: metrics_distributed {}
[2023-11-28 19:12:58,780][flwr][INFO] - app_fit: losses_centralized [(0, 181.9330997467041), (1, 45.942970991134644)]
[2023-11-28 19:12:58,780][flwr][INFO] - app_fit: metrics_centralized {'accuracy': [(0, 0.1071), (1, 0.8265)]}
