[2023-11-28 19:03:22,500][flwr][WARNING] - 
Setting `min_available_clients` lower than `min_fit_clients` or
`min_evaluate_clients` can cause the server to fail when there are too few clients
connected to the server. `min_available_clients` must be set to a value larger
than or equal to the values of `min_fit_clients` and `min_evaluate_clients`.

[2023-11-28 19:03:22,501][flwr][INFO] - Starting Flower simulation, config: ServerConfig(num_rounds=1, round_timeout=None)
[2023-11-28 19:03:28,069][flwr][INFO] - Flower VCE: Ray initialized with resources: {'object_store_memory': 3471738470.0, 'GPU': 1.0, 'CPU': 8.0, 'node:192.168.100.36': 1.0, 'memory': 6943476942.0, 'accelerator_type:G': 1.0}
[2023-11-28 19:03:28,069][flwr][INFO] - Initializing global parameters
[2023-11-28 19:03:28,070][flwr][INFO] - Requesting initial parameters from one random client
[2023-11-28 19:03:29,414][flwr][INFO] - Received initial parameters from one random client
[2023-11-28 19:03:29,414][flwr][INFO] - Evaluating initial parameters
[2023-11-28 19:03:31,658][flwr][INFO] - initial parameters (loss, other metrics): 182.31979703903198, {'accuracy': 0.1032}
[2023-11-28 19:03:31,658][flwr][INFO] - FL starting
[2023-11-28 19:03:31,659][flwr][DEBUG] - fit_round 1: strategy sampled 10 clients (out of 10)
[2023-11-28 19:03:50,255][flwr][DEBUG] - fit_round 1 received 10 results and 0 failures
[2023-11-28 19:03:50,278][flwr][WARNING] - No fit_metrics_aggregation_fn provided
[2023-11-28 19:03:52,123][flwr][INFO] - fit progress: (1, 38.79593677818775, {'accuracy': 0.858}, 20.465128072999505)
[2023-11-28 19:03:52,124][flwr][INFO] - evaluate_round 1: no clients selected, cancel
[2023-11-28 19:03:52,124][flwr][INFO] - FL finished in 20.465522702999806
[2023-11-28 19:03:52,124][flwr][INFO] - app_fit: losses_distributed []
[2023-11-28 19:03:52,124][flwr][INFO] - app_fit: metrics_distributed_fit {}
[2023-11-28 19:03:52,125][flwr][INFO] - app_fit: metrics_distributed {}
[2023-11-28 19:03:52,125][flwr][INFO] - app_fit: losses_centralized [(0, 182.31979703903198), (1, 38.79593677818775)]
[2023-11-28 19:03:52,125][flwr][INFO] - app_fit: metrics_centralized {'accuracy': [(0, 0.1032), (1, 0.858)]}
