[2023-11-28 19:13:42,152][flwr][WARNING] - 
Setting `min_available_clients` lower than `min_fit_clients` or
`min_evaluate_clients` can cause the server to fail when there are too few clients
connected to the server. `min_available_clients` must be set to a value larger
than or equal to the values of `min_fit_clients` and `min_evaluate_clients`.

[2023-11-28 19:13:42,153][flwr][INFO] - Starting Flower simulation, config: ServerConfig(num_rounds=1, round_timeout=None)
[2023-11-28 19:13:47,407][flwr][INFO] - Flower VCE: Ray initialized with resources: {'GPU': 1.0, 'node:192.168.100.36': 1.0, 'CPU': 8.0, 'accelerator_type:G': 1.0, 'memory': 7283861915.0, 'object_store_memory': 3641930956.0}
[2023-11-28 19:13:47,407][flwr][INFO] - Initializing global parameters
[2023-11-28 19:13:47,407][flwr][INFO] - Requesting initial parameters from one random client
[2023-11-28 19:13:48,474][flwr][INFO] - Received initial parameters from one random client
[2023-11-28 19:13:48,474][flwr][INFO] - Evaluating initial parameters
[2023-11-28 19:13:50,275][flwr][INFO] - initial parameters (loss, other metrics): 182.16347336769104, {'accuracy': 0.1031}
[2023-11-28 19:13:50,275][flwr][INFO] - FL starting
[2023-11-28 19:13:50,276][flwr][DEBUG] - fit_round 1: strategy sampled 10 clients (out of 10)
[2023-11-28 19:14:07,896][flwr][DEBUG] - fit_round 1 received 10 results and 0 failures
[2023-11-28 19:14:07,913][flwr][WARNING] - No fit_metrics_aggregation_fn provided
[2023-11-28 19:14:09,642][flwr][INFO] - fit progress: (1, 31.527200780808926, {'accuracy': 0.8805}, 19.36685223799941)
[2023-11-28 19:14:09,642][flwr][INFO] - evaluate_round 1: no clients selected, cancel
[2023-11-28 19:14:09,642][flwr][INFO] - FL finished in 19.367176160999406
[2023-11-28 19:14:09,643][flwr][INFO] - app_fit: losses_distributed []
[2023-11-28 19:14:09,643][flwr][INFO] - app_fit: metrics_distributed_fit {}
[2023-11-28 19:14:09,643][flwr][INFO] - app_fit: metrics_distributed {}
[2023-11-28 19:14:09,643][flwr][INFO] - app_fit: losses_centralized [(0, 182.16347336769104), (1, 31.527200780808926)]
[2023-11-28 19:14:09,643][flwr][INFO] - app_fit: metrics_centralized {'accuracy': [(0, 0.1031), (1, 0.8805)]}
