[2023-10-30 18:50:31,397][flwr][INFO] - Starting Flower simulation, config: ServerConfig(num_rounds=2, round_timeout=None)
[2023-10-30 18:50:36,508][flwr][INFO] - Flower VCE: Ray initialized with resources: {'node:127.0.0.1': 1.0, 'memory': 2811088896.0, 'object_store_memory': 1405544448.0, 'CPU': 4.0}
[2023-10-30 18:50:36,509][flwr][INFO] - Initializing global parameters
[2023-10-30 18:50:36,509][flwr][INFO] - Requesting initial parameters from one random client
[2023-10-30 18:50:38,507][flwr][INFO] - Received initial parameters from one random client
[2023-10-30 18:50:38,507][flwr][INFO] - Evaluating initial parameters
[2023-10-30 18:50:40,130][flwr][INFO] - initial parameters (loss, other metrics): 182.00538039207458, {'accuracy': 0.101}
[2023-10-30 18:50:40,130][flwr][INFO] - FL starting
[2023-10-30 18:50:40,131][flwr][DEBUG] - fit_round 1: strategy sampled 5 clients (out of 100)
[2023-10-30 18:51:03,257][flwr][DEBUG] - fit_round 1 received 5 results and 0 failures
[2023-10-30 18:51:03,282][flwr][WARNING] - No fit_metrics_aggregation_fn provided
[2023-10-30 18:51:05,126][flwr][INFO] - fit progress: (1, 181.29731607437134, {'accuracy': 0.1452}, 24.995810446999997)
[2023-10-30 18:51:05,127][flwr][DEBUG] - evaluate_round 1: strategy sampled 10 clients (out of 100)
[2023-10-30 18:51:54,922][flwr][DEBUG] - evaluate_round 1 received 10 results and 0 failures
[2023-10-30 18:51:54,923][flwr][WARNING] - No evaluate_metrics_aggregation_fn provided
[2023-10-30 18:51:54,923][flwr][DEBUG] - fit_round 2: strategy sampled 5 clients (out of 100)
[2023-10-30 18:52:16,864][flwr][DEBUG] - fit_round 2 received 5 results and 0 failures
[2023-10-30 18:52:18,760][flwr][INFO] - fit progress: (2, 179.97397589683533, {'accuracy': 0.173}, 98.630126268)
[2023-10-30 18:52:18,761][flwr][DEBUG] - evaluate_round 2: strategy sampled 10 clients (out of 100)
[2023-10-30 18:52:55,531][flwr][DEBUG] - evaluate_round 2 received 10 results and 0 failures
[2023-10-30 18:52:55,531][flwr][INFO] - FL finished in 135.40116955
[2023-10-30 18:52:55,536][flwr][INFO] - app_fit: losses_distributed [(1, 6.895361614227295), (2, 6.837744641304016)]
[2023-10-30 18:52:55,536][flwr][INFO] - app_fit: metrics_distributed_fit {}
[2023-10-30 18:52:55,536][flwr][INFO] - app_fit: metrics_distributed {}
[2023-10-30 18:52:55,536][flwr][INFO] - app_fit: losses_centralized [(0, 182.00538039207458), (1, 181.29731607437134), (2, 179.97397589683533)]
[2023-10-30 18:52:55,536][flwr][INFO] - app_fit: metrics_centralized {'accuracy': [(0, 0.101), (1, 0.1452), (2, 0.173)]}
