[2023-11-28 18:36:36,374][flwr][WARNING] - 
Setting `min_available_clients` lower than `min_fit_clients` or
`min_evaluate_clients` can cause the server to fail when there are too few clients
connected to the server. `min_available_clients` must be set to a value larger
than or equal to the values of `min_fit_clients` and `min_evaluate_clients`.

[2023-11-28 18:36:36,375][flwr][INFO] - Starting Flower simulation, config: ServerConfig(num_rounds=1, round_timeout=None)
[2023-11-28 18:36:41,654][flwr][INFO] - Flower VCE: Ray initialized with resources: {'GPU': 1.0, 'CPU': 8.0, 'accelerator_type:G': 1.0, 'memory': 6755195291.0, 'object_store_memory': 3377597644.0, 'node:192.168.100.36': 1.0}
[2023-11-28 18:36:41,655][flwr][INFO] - Initializing global parameters
[2023-11-28 18:36:41,655][flwr][INFO] - Requesting initial parameters from one random client
[2023-11-28 18:36:42,727][flwr][INFO] - Received initial parameters from one random client
[2023-11-28 18:36:42,728][flwr][INFO] - Evaluating initial parameters
[2023-11-28 18:36:44,472][flwr][INFO] - initial parameters (loss, other metrics): 181.6872055530548, {'accuracy': 0.1096}
[2023-11-28 18:36:44,472][flwr][INFO] - FL starting
[2023-11-28 18:36:44,472][flwr][INFO] - Sampling failed: number of available clients (5) is less than number of requested clients (10).
[2023-11-28 18:36:44,473][flwr][INFO] - fit_round 1: no clients selected, cancel
[2023-11-28 18:36:46,208][flwr][INFO] - fit progress: (1, 181.6872055530548, {'accuracy': 0.1096}, 1.7357599189999746)
[2023-11-28 18:36:46,208][flwr][INFO] - evaluate_round 1: no clients selected, cancel
[2023-11-28 18:36:46,208][flwr][INFO] - FL finished in 1.7361994780003442
[2023-11-28 18:36:46,209][flwr][INFO] - app_fit: losses_distributed []
[2023-11-28 18:36:46,209][flwr][INFO] - app_fit: metrics_distributed_fit {}
[2023-11-28 18:36:46,209][flwr][INFO] - app_fit: metrics_distributed {}
[2023-11-28 18:36:46,209][flwr][INFO] - app_fit: losses_centralized [(0, 181.6872055530548), (1, 181.6872055530548)]
[2023-11-28 18:36:46,209][flwr][INFO] - app_fit: metrics_centralized {'accuracy': [(0, 0.1096), (1, 0.1096)]}
