[2023-11-05 21:43:46,917][flwr][INFO] - Starting Flower simulation, config: ServerConfig(num_rounds=10, round_timeout=None)
[2023-11-05 21:43:52,073][flwr][INFO] - Flower VCE: Ray initialized with resources: {'memory': 7494355355.0, 'accelerator_type:G': 1.0, 'node:192.168.100.36': 1.0, 'GPU': 1.0, 'CPU': 8.0, 'object_store_memory': 3747177676.0}
[2023-11-05 21:43:52,074][flwr][INFO] - Initializing global parameters
[2023-11-05 21:43:52,074][flwr][INFO] - Requesting initial parameters from one random client
[2023-11-05 21:43:53,118][flwr][INFO] - Received initial parameters from one random client
[2023-11-05 21:43:53,118][flwr][INFO] - Evaluating initial parameters
[2023-11-05 21:43:54,864][flwr][INFO] - initial parameters (loss, other metrics): 181.97050094604492, {'accuracy': 0.1136}
[2023-11-05 21:43:54,864][flwr][INFO] - FL starting
[2023-11-05 21:43:54,865][flwr][DEBUG] - fit_round 1: strategy sampled 10 clients (out of 100)
[2023-11-05 21:44:00,071][flwr][DEBUG] - fit_round 1 received 10 results and 0 failures
[2023-11-05 21:44:00,093][flwr][WARNING] - No fit_metrics_aggregation_fn provided
[2023-11-05 21:44:01,897][flwr][INFO] - fit progress: (1, 180.43228435516357, {'accuracy': 0.1138}, 7.032230205999895)
[2023-11-05 21:44:01,897][flwr][INFO] - evaluate_round 1: no clients selected, cancel
[2023-11-05 21:44:01,897][flwr][DEBUG] - fit_round 2: strategy sampled 10 clients (out of 100)
[2023-11-05 21:44:05,231][flwr][DEBUG] - fit_round 2 received 10 results and 0 failures
[2023-11-05 21:44:06,981][flwr][INFO] - fit progress: (2, 176.39498019218445, {'accuracy': 0.218}, 12.116368687999966)
[2023-11-05 21:44:06,981][flwr][INFO] - evaluate_round 2: no clients selected, cancel
[2023-11-05 21:44:06,981][flwr][DEBUG] - fit_round 3: strategy sampled 10 clients (out of 100)
[2023-11-05 21:44:10,356][flwr][DEBUG] - fit_round 3 received 10 results and 0 failures
[2023-11-05 21:44:12,187][flwr][INFO] - fit progress: (3, 134.6649433374405, {'accuracy': 0.5373}, 17.322523975999957)
[2023-11-05 21:44:12,187][flwr][INFO] - evaluate_round 3: no clients selected, cancel
[2023-11-05 21:44:12,187][flwr][DEBUG] - fit_round 4: strategy sampled 10 clients (out of 100)
[2023-11-05 21:44:15,424][flwr][DEBUG] - fit_round 4 received 10 results and 0 failures
[2023-11-05 21:44:17,189][flwr][INFO] - fit progress: (4, 54.71547192335129, {'accuracy': 0.799}, 22.324513860000025)
[2023-11-05 21:44:17,189][flwr][INFO] - evaluate_round 4: no clients selected, cancel
[2023-11-05 21:44:17,190][flwr][DEBUG] - fit_round 5: strategy sampled 10 clients (out of 100)
[2023-11-05 21:44:20,573][flwr][DEBUG] - fit_round 5 received 10 results and 0 failures
[2023-11-05 21:44:22,315][flwr][INFO] - fit progress: (5, 38.727188140153885, {'accuracy': 0.8672}, 27.450444654999956)
[2023-11-05 21:44:22,315][flwr][INFO] - evaluate_round 5: no clients selected, cancel
[2023-11-05 21:44:22,315][flwr][DEBUG] - fit_round 6: strategy sampled 10 clients (out of 100)
[2023-11-05 21:44:25,677][flwr][DEBUG] - fit_round 6 received 10 results and 0 failures
[2023-11-05 21:44:27,430][flwr][INFO] - fit progress: (6, 27.081145778298378, {'accuracy': 0.9053}, 32.565039479999996)
[2023-11-05 21:44:27,430][flwr][INFO] - evaluate_round 6: no clients selected, cancel
[2023-11-05 21:44:27,430][flwr][DEBUG] - fit_round 7: strategy sampled 10 clients (out of 100)
[2023-11-05 21:44:30,794][flwr][DEBUG] - fit_round 7 received 10 results and 0 failures
[2023-11-05 21:44:32,613][flwr][INFO] - fit progress: (7, 20.374887567013502, {'accuracy': 0.922}, 37.74881057199991)
[2023-11-05 21:44:32,614][flwr][INFO] - evaluate_round 7: no clients selected, cancel
[2023-11-05 21:44:32,614][flwr][DEBUG] - fit_round 8: strategy sampled 10 clients (out of 100)
[2023-11-05 21:44:35,918][flwr][DEBUG] - fit_round 8 received 10 results and 0 failures
[2023-11-05 21:44:37,652][flwr][INFO] - fit progress: (8, 18.356794584542513, {'accuracy': 0.9324}, 42.78698063599995)
[2023-11-05 21:44:37,652][flwr][INFO] - evaluate_round 8: no clients selected, cancel
[2023-11-05 21:44:37,652][flwr][DEBUG] - fit_round 9: strategy sampled 10 clients (out of 100)
[2023-11-05 21:44:40,930][flwr][DEBUG] - fit_round 9 received 10 results and 0 failures
[2023-11-05 21:44:42,665][flwr][INFO] - fit progress: (9, 16.01037447527051, {'accuracy': 0.9394}, 47.80013994899991)
[2023-11-05 21:44:42,665][flwr][INFO] - evaluate_round 9: no clients selected, cancel
[2023-11-05 21:44:42,665][flwr][DEBUG] - fit_round 10: strategy sampled 10 clients (out of 100)
[2023-11-05 21:44:46,056][flwr][DEBUG] - fit_round 10 received 10 results and 0 failures
[2023-11-05 21:44:47,862][flwr][INFO] - fit progress: (10, 14.712438147515059, {'accuracy': 0.9432}, 52.99752144299987)
[2023-11-05 21:44:47,862][flwr][INFO] - evaluate_round 10: no clients selected, cancel
[2023-11-05 21:44:47,862][flwr][INFO] - FL finished in 52.99778471399986
[2023-11-05 21:44:47,863][flwr][INFO] - app_fit: losses_distributed []
[2023-11-05 21:44:47,863][flwr][INFO] - app_fit: metrics_distributed_fit {}
[2023-11-05 21:44:47,863][flwr][INFO] - app_fit: metrics_distributed {}
[2023-11-05 21:44:47,863][flwr][INFO] - app_fit: losses_centralized [(0, 181.97050094604492), (1, 180.43228435516357), (2, 176.39498019218445), (3, 134.6649433374405), (4, 54.71547192335129), (5, 38.727188140153885), (6, 27.081145778298378), (7, 20.374887567013502), (8, 18.356794584542513), (9, 16.01037447527051), (10, 14.712438147515059)]
[2023-11-05 21:44:47,863][flwr][INFO] - app_fit: metrics_centralized {'accuracy': [(0, 0.1136), (1, 0.1138), (2, 0.218), (3, 0.5373), (4, 0.799), (5, 0.8672), (6, 0.9053), (7, 0.922), (8, 0.9324), (9, 0.9394), (10, 0.9432)]}
