[2023-11-28 18:56:19,695][flwr][WARNING] - 
Setting `min_available_clients` lower than `min_fit_clients` or
`min_evaluate_clients` can cause the server to fail when there are too few clients
connected to the server. `min_available_clients` must be set to a value larger
than or equal to the values of `min_fit_clients` and `min_evaluate_clients`.

[2023-11-28 18:56:19,696][flwr][INFO] - Starting Flower simulation, config: ServerConfig(num_rounds=1, round_timeout=None)
[2023-11-28 18:56:25,107][flwr][INFO] - Flower VCE: Ray initialized with resources: {'node:192.168.100.36': 1.0, 'GPU': 1.0, 'memory': 6826890855.0, 'object_store_memory': 3413445427.0, 'CPU': 8.0, 'accelerator_type:G': 1.0}
[2023-11-28 18:56:25,107][flwr][INFO] - Initializing global parameters
[2023-11-28 18:56:25,108][flwr][INFO] - Requesting initial parameters from one random client
[2023-11-28 18:56:26,512][flwr][INFO] - Received initial parameters from one random client
[2023-11-28 18:56:26,512][flwr][INFO] - Evaluating initial parameters
[2023-11-28 18:56:28,331][flwr][INFO] - initial parameters (loss, other metrics): 182.12950587272644, {'accuracy': 0.1027}
[2023-11-28 18:56:28,331][flwr][INFO] - FL starting
[2023-11-28 18:56:28,331][flwr][DEBUG] - fit_round 1: strategy sampled 10 clients (out of 10)
[2023-11-28 18:56:47,157][flwr][DEBUG] - fit_round 1 received 10 results and 0 failures
[2023-11-28 18:56:47,179][flwr][WARNING] - No fit_metrics_aggregation_fn provided
[2023-11-28 18:56:49,128][flwr][INFO] - fit progress: (1, 29.574532724916935, {'accuracy': 0.8902}, 20.797370428999784)
[2023-11-28 18:56:49,128][flwr][INFO] - evaluate_round 1: no clients selected, cancel
[2023-11-28 18:56:49,128][flwr][INFO] - FL finished in 20.797655178999776
[2023-11-28 18:56:49,129][flwr][INFO] - app_fit: losses_distributed []
[2023-11-28 18:56:49,129][flwr][INFO] - app_fit: metrics_distributed_fit {}
[2023-11-28 18:56:49,129][flwr][INFO] - app_fit: metrics_distributed {}
[2023-11-28 18:56:49,129][flwr][INFO] - app_fit: losses_centralized [(0, 182.12950587272644), (1, 29.574532724916935)]
[2023-11-28 18:56:49,129][flwr][INFO] - app_fit: metrics_centralized {'accuracy': [(0, 0.1027), (1, 0.8902)]}
