[2024-12-31 17:54:46,384][flwr][WARNING] - DEPRECATED FEATURE: flwr.simulation.start_simulation() is deprecated.
	Instead, use the `flwr run` CLI command to start a local simulation in your Flower app, as shown for example below:

		$ flwr new  # Create a new Flower app from a template

		$ flwr run  # Run the Flower app in Simulation Mode

	Using `start_simulation()` is deprecated.

            This is a deprecated feature. It will be removed
            entirely in future versions of Flower.
        
[2024-12-31 17:54:46,385][flwr][INFO] - Starting Flower simulation, config: num_rounds=10, no round_timeout
[2024-12-31 17:54:51,212][flwr][INFO] - Flower VCE: Ray initialized with resources: {'CPU': 8.0, 'node:__internal_head__': 1.0, 'memory': 7366093211.0, 'node:192.168.100.172': 1.0, 'object_store_memory': 3683046604.0}
[2024-12-31 17:54:51,212][flwr][INFO] - Optimize your simulation with Flower VCE: https://flower.ai/docs/framework/how-to-run-simulations.html
[2024-12-31 17:54:51,212][flwr][INFO] - Flower VCE: Resources for each Virtual Client: {'num_cpus': 2, 'num_gpus': 0.0}
[2024-12-31 17:54:51,228][flwr][INFO] - Flower VCE: Creating VirtualClientEngineActorPool with 4 actors
[2024-12-31 17:54:51,229][flwr][INFO] - [INIT]
[2024-12-31 17:54:51,229][flwr][INFO] - Requesting initial parameters from one random client
[2024-12-31 17:54:55,597][flwr][INFO] - Received initial parameters from one random client
[2024-12-31 17:54:55,598][flwr][INFO] - Starting evaluation of initial global parameters
[2024-12-31 17:54:57,379][flwr][INFO] - initial parameters (loss, other metrics): 182.2669939994812, {'accuracy': 0.0927}
[2024-12-31 17:54:57,379][flwr][INFO] - 
[2024-12-31 17:54:57,379][flwr][INFO] - [ROUND 1]
[2024-12-31 17:54:57,380][flwr][INFO] - configure_fit: strategy sampled 10 clients (out of 100)
[2024-12-31 17:55:08,285][flwr][INFO] - aggregate_fit: received 10 results and 0 failures
[2024-12-31 17:55:08,293][flwr][WARNING] - No fit_metrics_aggregation_fn provided
[2024-12-31 17:55:10,039][flwr][INFO] - fit progress: (1, 179.64944458007812, {'accuracy': 0.1223}, 12.660032869000133)
[2024-12-31 17:55:10,039][flwr][INFO] - configure_evaluate: no clients selected, skipping evaluation
[2024-12-31 17:55:10,039][flwr][INFO] - 
[2024-12-31 17:55:10,039][flwr][INFO] - [ROUND 2]
[2024-12-31 17:55:10,040][flwr][INFO] - configure_fit: strategy sampled 10 clients (out of 100)
[2024-12-31 17:55:15,631][flwr][INFO] - aggregate_fit: received 10 results and 0 failures
[2024-12-31 17:55:17,450][flwr][INFO] - fit progress: (2, 167.25864696502686, {'accuracy': 0.3764}, 20.070524906000173)
[2024-12-31 17:55:17,450][flwr][INFO] - configure_evaluate: no clients selected, skipping evaluation
[2024-12-31 17:55:17,450][flwr][INFO] - 
[2024-12-31 17:55:17,450][flwr][INFO] - [ROUND 3]
[2024-12-31 17:55:17,450][flwr][INFO] - configure_fit: strategy sampled 10 clients (out of 100)
[2024-12-31 17:55:38,123][flwr][INFO] - aggregate_fit: received 10 results and 0 failures
[2024-12-31 17:55:39,952][flwr][INFO] - fit progress: (3, 85.31954514980316, {'accuracy': 0.6269}, 42.57255408799938)
[2024-12-31 17:55:39,952][flwr][INFO] - configure_evaluate: no clients selected, skipping evaluation
[2024-12-31 17:55:39,952][flwr][INFO] - 
[2024-12-31 17:55:39,952][flwr][INFO] - [ROUND 4]
[2024-12-31 17:55:39,952][flwr][INFO] - configure_fit: strategy sampled 10 clients (out of 100)
[2024-12-31 17:55:47,825][flwr][INFO] - aggregate_fit: received 10 results and 0 failures
[2024-12-31 17:55:49,545][flwr][INFO] - fit progress: (4, 49.013948917388916, {'accuracy': 0.8024}, 52.165471131998856)
[2024-12-31 17:55:49,545][flwr][INFO] - configure_evaluate: no clients selected, skipping evaluation
[2024-12-31 17:55:49,545][flwr][INFO] - 
[2024-12-31 17:55:49,545][flwr][INFO] - [ROUND 5]
[2024-12-31 17:55:49,545][flwr][INFO] - configure_fit: strategy sampled 10 clients (out of 100)
[2024-12-31 17:56:57,965][flwr][INFO] - aggregate_fit: received 10 results and 0 failures
[2024-12-31 17:56:59,683][flwr][INFO] - fit progress: (5, 40.5673406124115, {'accuracy': 0.8587}, 122.30350796899984)
[2024-12-31 17:56:59,683][flwr][INFO] - configure_evaluate: no clients selected, skipping evaluation
[2024-12-31 17:56:59,683][flwr][INFO] - 
[2024-12-31 17:56:59,683][flwr][INFO] - [ROUND 6]
[2024-12-31 17:56:59,683][flwr][INFO] - configure_fit: strategy sampled 10 clients (out of 100)
[2024-12-31 17:57:06,460][flwr][INFO] - aggregate_fit: received 10 results and 0 failures
[2024-12-31 17:57:08,562][flwr][INFO] - fit progress: (6, 29.71733647584915, {'accuracy': 0.9011}, 131.1826761609991)
[2024-12-31 17:57:08,562][flwr][INFO] - configure_evaluate: no clients selected, skipping evaluation
[2024-12-31 17:57:08,562][flwr][INFO] - 
[2024-12-31 17:57:08,562][flwr][INFO] - [ROUND 7]
[2024-12-31 17:57:08,562][flwr][INFO] - configure_fit: strategy sampled 10 clients (out of 100)
[2024-12-31 17:57:41,214][flwr][INFO] - aggregate_fit: received 10 results and 0 failures
[2024-12-31 17:57:43,396][flwr][INFO] - fit progress: (7, 21.480820804834366, {'accuracy': 0.9201}, 166.01676119399963)
[2024-12-31 17:57:43,396][flwr][INFO] - configure_evaluate: no clients selected, skipping evaluation
[2024-12-31 17:57:43,432][flwr][INFO] - 
[2024-12-31 17:57:43,433][flwr][INFO] - [ROUND 8]
[2024-12-31 17:57:43,433][flwr][INFO] - configure_fit: strategy sampled 10 clients (out of 100)
[2024-12-31 17:58:50,870][flwr][INFO] - aggregate_fit: received 10 results and 0 failures
[2024-12-31 17:58:52,673][flwr][INFO] - fit progress: (8, 18.741200629621744, {'accuracy': 0.9221}, 235.29431737400046)
[2024-12-31 17:58:52,674][flwr][INFO] - configure_evaluate: no clients selected, skipping evaluation
[2024-12-31 17:58:52,674][flwr][INFO] - 
[2024-12-31 17:58:52,674][flwr][INFO] - [ROUND 9]
[2024-12-31 17:58:52,674][flwr][INFO] - configure_fit: strategy sampled 10 clients (out of 100)
[2024-12-31 17:59:35,918][flwr][INFO] - aggregate_fit: received 10 results and 0 failures
[2024-12-31 17:59:37,661][flwr][INFO] - fit progress: (9, 17.631592985242605, {'accuracy': 0.9312}, 280.28224981699896)
[2024-12-31 17:59:37,661][flwr][INFO] - configure_evaluate: no clients selected, skipping evaluation
[2024-12-31 17:59:37,662][flwr][INFO] - 
[2024-12-31 17:59:37,662][flwr][INFO] - [ROUND 10]
[2024-12-31 17:59:37,662][flwr][INFO] - configure_fit: strategy sampled 10 clients (out of 100)
[2024-12-31 17:59:43,725][flwr][INFO] - aggregate_fit: received 10 results and 0 failures
[2024-12-31 17:59:45,527][flwr][INFO] - fit progress: (10, 14.203653504140675, {'accuracy': 0.9428}, 288.14824967799905)
[2024-12-31 17:59:45,528][flwr][INFO] - configure_evaluate: no clients selected, skipping evaluation
[2024-12-31 17:59:45,528][flwr][INFO] - 
[2024-12-31 17:59:45,528][flwr][INFO] - [SUMMARY]
[2024-12-31 17:59:45,528][flwr][INFO] - Run finished 10 round(s) in 288.15s
[2024-12-31 17:59:45,528][flwr][INFO] - 	History (loss, centralized):
[2024-12-31 17:59:45,528][flwr][INFO] - 		round 0: 182.2669939994812
[2024-12-31 17:59:45,529][flwr][INFO] - 		round 1: 179.64944458007812
[2024-12-31 17:59:45,529][flwr][INFO] - 		round 2: 167.25864696502686
[2024-12-31 17:59:45,529][flwr][INFO] - 		round 3: 85.31954514980316
[2024-12-31 17:59:45,529][flwr][INFO] - 		round 4: 49.013948917388916
[2024-12-31 17:59:45,529][flwr][INFO] - 		round 5: 40.5673406124115
[2024-12-31 17:59:45,529][flwr][INFO] - 		round 6: 29.71733647584915
[2024-12-31 17:59:45,529][flwr][INFO] - 		round 7: 21.480820804834366
[2024-12-31 17:59:45,529][flwr][INFO] - 		round 8: 18.741200629621744
[2024-12-31 17:59:45,529][flwr][INFO] - 		round 9: 17.631592985242605
[2024-12-31 17:59:45,530][flwr][INFO] - 		round 10: 14.203653504140675
[2024-12-31 17:59:45,530][flwr][INFO] - 	History (metrics, centralized):
[2024-12-31 17:59:45,530][flwr][INFO] - 	{'accuracy': [(0, 0.0927),
[2024-12-31 17:59:45,530][flwr][INFO] - 	              (1, 0.1223),
[2024-12-31 17:59:45,530][flwr][INFO] - 	              (2, 0.3764),
[2024-12-31 17:59:45,530][flwr][INFO] - 	              (3, 0.6269),
[2024-12-31 17:59:45,530][flwr][INFO] - 	              (4, 0.8024),
[2024-12-31 17:59:45,530][flwr][INFO] - 	              (5, 0.8587),
[2024-12-31 17:59:45,530][flwr][INFO] - 	              (6, 0.9011),
[2024-12-31 17:59:45,530][flwr][INFO] - 	              (7, 0.9201),
[2024-12-31 17:59:45,531][flwr][INFO] - 	              (8, 0.9221),
[2024-12-31 17:59:45,531][flwr][INFO] - 	              (9, 0.9312),
[2024-12-31 17:59:45,531][flwr][INFO] - 	              (10, 0.9428)]}
[2024-12-31 17:59:45,531][flwr][INFO] - 
