[2023-11-05 15:21:08,850][flwr][INFO] - Starting Flower simulation, config: ServerConfig(num_rounds=2, round_timeout=None)
[2023-11-05 15:21:14,894][flwr][INFO] - Flower VCE: Ray initialized with resources: {'memory': 2174410752.0, 'CPU': 4.0, 'object_store_memory': 1087205376.0, 'node:127.0.0.1': 1.0}
[2023-11-05 15:21:14,895][flwr][INFO] - Initializing global parameters
[2023-11-05 15:21:14,895][flwr][INFO] - Requesting initial parameters from one random client
[2023-11-05 15:21:18,382][flwr][INFO] - Received initial parameters from one random client
[2023-11-05 15:21:18,383][flwr][INFO] - Evaluating initial parameters
[2023-11-05 15:21:20,195][flwr][INFO] - initial parameters (loss, other metrics): 181.73174142837524, {'accuracy': 0.1224}
[2023-11-05 15:21:20,195][flwr][INFO] - FL starting
[2023-11-05 15:21:20,195][flwr][DEBUG] - fit_round 1: strategy sampled 5 clients (out of 100)
[2023-11-05 15:21:38,133][flwr][DEBUG] - fit_round 1 received 5 results and 0 failures
[2023-11-05 15:21:38,154][flwr][WARNING] - No fit_metrics_aggregation_fn provided
[2023-11-05 15:21:39,706][flwr][INFO] - fit progress: (1, 178.36924767494202, {'accuracy': 0.3177}, 19.511441098999995)
[2023-11-05 15:21:39,707][flwr][INFO] - evaluate_round 1: no clients selected, cancel
[2023-11-05 15:21:39,707][flwr][DEBUG] - fit_round 2: strategy sampled 5 clients (out of 100)
[2023-11-05 15:21:55,956][flwr][DEBUG] - fit_round 2 received 5 results and 0 failures
[2023-11-05 15:21:57,549][flwr][INFO] - fit progress: (2, 153.29752790927887, {'accuracy': 0.494}, 37.353785613999996)
[2023-11-05 15:21:57,549][flwr][INFO] - evaluate_round 2: no clients selected, cancel
[2023-11-05 15:21:57,549][flwr][INFO] - FL finished in 37.354132074999995
[2023-11-05 15:21:57,550][flwr][INFO] - app_fit: losses_distributed []
[2023-11-05 15:21:57,550][flwr][INFO] - app_fit: metrics_distributed_fit {}
[2023-11-05 15:21:57,550][flwr][INFO] - app_fit: metrics_distributed {}
[2023-11-05 15:21:57,550][flwr][INFO] - app_fit: losses_centralized [(0, 181.73174142837524), (1, 178.36924767494202), (2, 153.29752790927887)]
[2023-11-05 15:21:57,550][flwr][INFO] - app_fit: metrics_centralized {'accuracy': [(0, 0.1224), (1, 0.3177), (2, 0.494)]}
