[2023-11-28 19:25:39,725][flwr][WARNING] - 
Setting `min_available_clients` lower than `min_fit_clients` or
`min_evaluate_clients` can cause the server to fail when there are too few clients
connected to the server. `min_available_clients` must be set to a value larger
than or equal to the values of `min_fit_clients` and `min_evaluate_clients`.

[2023-11-28 19:25:39,726][flwr][INFO] - Starting Flower simulation, config: ServerConfig(num_rounds=1, round_timeout=None)
[2023-11-28 19:25:44,346][flwr][INFO] - Flower VCE: Ray initialized with resources: {'node:192.168.100.36': 1.0, 'memory': 7270480283.0, 'object_store_memory': 3635240140.0, 'GPU': 1.0, 'CPU': 8.0, 'accelerator_type:G': 1.0}
[2023-11-28 19:25:44,347][flwr][INFO] - Initializing global parameters
[2023-11-28 19:25:44,347][flwr][INFO] - Requesting initial parameters from one random client
[2023-11-28 19:25:45,644][flwr][INFO] - Received initial parameters from one random client
[2023-11-28 19:25:45,644][flwr][INFO] - Evaluating initial parameters
[2023-11-28 19:25:47,586][flwr][INFO] - initial parameters (loss, other metrics): 182.29982709884644, {'accuracy': 0.042}
[2023-11-28 19:25:47,586][flwr][INFO] - FL starting
[2023-11-28 19:25:47,587][flwr][DEBUG] - fit_round 1: strategy sampled 10 clients (out of 10)
[2023-11-28 19:26:06,758][flwr][DEBUG] - fit_round 1 received 10 results and 0 failures
[2023-11-28 19:26:06,775][flwr][WARNING] - No fit_metrics_aggregation_fn provided
[2023-11-28 19:26:08,650][flwr][INFO] - fit progress: (1, 31.174165464937687, {'accuracy': 0.8808}, 21.063341601000502)
[2023-11-28 19:26:08,650][flwr][INFO] - evaluate_round 1: no clients selected, cancel
[2023-11-28 19:26:08,650][flwr][INFO] - FL finished in 21.063705153000228
[2023-11-28 19:26:08,651][flwr][INFO] - app_fit: losses_distributed []
[2023-11-28 19:26:08,651][flwr][INFO] - app_fit: metrics_distributed_fit {}
[2023-11-28 19:26:08,651][flwr][INFO] - app_fit: metrics_distributed {}
[2023-11-28 19:26:08,651][flwr][INFO] - app_fit: losses_centralized [(0, 182.29982709884644), (1, 31.174165464937687)]
[2023-11-28 19:26:08,651][flwr][INFO] - app_fit: metrics_centralized {'accuracy': [(0, 0.042), (1, 0.8808)]}
