[2024-12-31 16:06:03,900][flwr][WARNING] - DEPRECATED FEATURE: flwr.simulation.start_simulation() is deprecated.
	Instead, use the `flwr run` CLI command to start a local simulation in your Flower app, as shown for example below:

		$ flwr new  # Create a new Flower app from a template

		$ flwr run  # Run the Flower app in Simulation Mode

	Using `start_simulation()` is deprecated.

            This is a deprecated feature. It will be removed
            entirely in future versions of Flower.
        
[2024-12-31 16:06:03,901][flwr][INFO] - Starting Flower simulation, config: num_rounds=10, no round_timeout
[2024-12-31 16:06:08,696][flwr][INFO] - Flower VCE: Ray initialized with resources: {'CPU': 8.0, 'object_store_memory': 3723890688.0, 'memory': 7447781376.0, 'node:192.168.100.172': 1.0, 'node:__internal_head__': 1.0}
[2024-12-31 16:06:08,697][flwr][INFO] - Optimize your simulation with Flower VCE: https://flower.ai/docs/framework/how-to-run-simulations.html
[2024-12-31 16:06:08,697][flwr][INFO] - Flower VCE: Resources for each Virtual Client: {'num_cpus': 2, 'num_gpus': 0.0}
[2024-12-31 16:06:08,713][flwr][INFO] - Flower VCE: Creating VirtualClientEngineActorPool with 4 actors
[2024-12-31 16:06:08,714][flwr][INFO] - [INIT]
[2024-12-31 16:06:08,714][flwr][INFO] - Requesting initial parameters from one random client
[2024-12-31 16:06:13,073][flwr][INFO] - Received initial parameters from one random client
[2024-12-31 16:06:13,073][flwr][INFO] - Starting evaluation of initial global parameters
[2024-12-31 16:06:14,795][flwr][INFO] - initial parameters (loss, other metrics): 182.01697707176208, {'accuracy': 0.1032}
[2024-12-31 16:06:14,795][flwr][INFO] - 
[2024-12-31 16:06:14,795][flwr][INFO] - [ROUND 1]
[2024-12-31 16:06:14,795][flwr][INFO] - configure_fit: strategy sampled 10 clients (out of 100)
