[2023-11-28 19:39:54,801][flwr][WARNING] - 
Setting `min_available_clients` lower than `min_fit_clients` or
`min_evaluate_clients` can cause the server to fail when there are too few clients
connected to the server. `min_available_clients` must be set to a value larger
than or equal to the values of `min_fit_clients` and `min_evaluate_clients`.

[2023-11-28 19:39:54,802][flwr][INFO] - Starting Flower simulation, config: ServerConfig(num_rounds=1, round_timeout=None)
[2023-11-28 19:40:00,245][flwr][INFO] - Flower VCE: Ray initialized with resources: {'CPU': 8.0, 'object_store_memory': 3399677952.0, 'memory': 6799355904.0, 'accelerator_type:G': 1.0, 'GPU': 1.0, 'node:192.168.100.36': 1.0}
[2023-11-28 19:40:00,245][flwr][INFO] - Initializing global parameters
[2023-11-28 19:40:00,245][flwr][INFO] - Requesting initial parameters from one random client
[2023-11-28 19:40:01,440][flwr][INFO] - Received initial parameters from one random client
[2023-11-28 19:40:01,440][flwr][INFO] - Evaluating initial parameters
[2023-11-28 19:40:03,272][flwr][INFO] - initial parameters (loss, other metrics): 181.91301369667053, {'accuracy': 0.101}
[2023-11-28 19:40:03,273][flwr][INFO] - FL starting
[2023-11-28 19:40:03,273][flwr][DEBUG] - fit_round 1: strategy sampled 10 clients (out of 10)
[2023-11-28 21:22:02,845][flwr][DEBUG] - fit_round 1 received 10 results and 0 failures
[2023-11-28 21:22:02,862][flwr][WARNING] - No fit_metrics_aggregation_fn provided
[2023-11-28 21:22:04,606][flwr][INFO] - fit progress: (1, 36.84211793541908, {'accuracy': 0.8457}, 6121.332848340999)
[2023-11-28 21:22:04,606][flwr][INFO] - evaluate_round 1: no clients selected, cancel
[2023-11-28 21:22:04,606][flwr][INFO] - FL finished in 6121.333205400999
[2023-11-28 21:22:04,606][flwr][INFO] - app_fit: losses_distributed []
[2023-11-28 21:22:04,606][flwr][INFO] - app_fit: metrics_distributed_fit {}
[2023-11-28 21:22:04,607][flwr][INFO] - app_fit: metrics_distributed {}
[2023-11-28 21:22:04,607][flwr][INFO] - app_fit: losses_centralized [(0, 181.91301369667053), (1, 36.84211793541908)]
[2023-11-28 21:22:04,607][flwr][INFO] - app_fit: metrics_centralized {'accuracy': [(0, 0.101), (1, 0.8457)]}
