[2023-10-30 19:04:38,361][flwr][INFO] - Starting Flower simulation, config: ServerConfig(num_rounds=2, round_timeout=None)
[2023-10-30 19:04:43,905][flwr][INFO] - Flower VCE: Ray initialized with resources: {'CPU': 4.0, 'node:127.0.0.1': 1.0, 'object_store_memory': 1091527065.0, 'memory': 2183054132.0}
[2023-10-30 19:04:43,906][flwr][INFO] - Initializing global parameters
[2023-10-30 19:04:43,911][flwr][INFO] - Requesting initial parameters from one random client
[2023-10-30 19:04:46,718][flwr][INFO] - Received initial parameters from one random client
[2023-10-30 19:04:46,719][flwr][INFO] - Evaluating initial parameters
[2023-10-30 19:04:48,472][flwr][INFO] - initial parameters (loss, other metrics): 182.27047514915466, {'accuracy': 0.1009}
[2023-10-30 19:04:48,472][flwr][INFO] - FL starting
[2023-10-30 19:04:48,473][flwr][DEBUG] - fit_round 1: strategy sampled 5 clients (out of 100)
[2023-10-30 19:05:06,167][flwr][DEBUG] - fit_round 1 received 5 results and 0 failures
[2023-10-30 19:05:06,181][flwr][WARNING] - No fit_metrics_aggregation_fn provided
[2023-10-30 19:05:07,873][flwr][INFO] - fit progress: (1, 180.00918006896973, {'accuracy': 0.1266}, 19.400421372)
[2023-10-30 19:05:07,873][flwr][INFO] - evaluate_round 1: no clients selected, cancel
[2023-10-30 19:05:07,873][flwr][DEBUG] - fit_round 2: strategy sampled 5 clients (out of 100)
[2023-10-30 19:05:24,513][flwr][DEBUG] - fit_round 2 received 5 results and 0 failures
[2023-10-30 19:05:26,138][flwr][INFO] - fit progress: (2, 172.12772297859192, {'accuracy': 0.3959}, 37.666054482999996)
[2023-10-30 19:05:26,139][flwr][INFO] - evaluate_round 2: no clients selected, cancel
[2023-10-30 19:05:26,139][flwr][INFO] - FL finished in 37.666373011000005
[2023-10-30 19:05:26,139][flwr][INFO] - app_fit: losses_distributed []
[2023-10-30 19:05:26,139][flwr][INFO] - app_fit: metrics_distributed_fit {}
[2023-10-30 19:05:26,139][flwr][INFO] - app_fit: metrics_distributed {}
[2023-10-30 19:05:26,139][flwr][INFO] - app_fit: losses_centralized [(0, 182.27047514915466), (1, 180.00918006896973), (2, 172.12772297859192)]
[2023-10-30 19:05:26,140][flwr][INFO] - app_fit: metrics_centralized {'accuracy': [(0, 0.1009), (1, 0.1266), (2, 0.3959)]}
