[2023-11-28 19:06:40,168][flwr][WARNING] - 
Setting `min_available_clients` lower than `min_fit_clients` or
`min_evaluate_clients` can cause the server to fail when there are too few clients
connected to the server. `min_available_clients` must be set to a value larger
than or equal to the values of `min_fit_clients` and `min_evaluate_clients`.

[2023-11-28 19:06:40,169][flwr][INFO] - Starting Flower simulation, config: ServerConfig(num_rounds=1, round_timeout=None)
[2023-11-28 19:06:45,524][flwr][INFO] - Flower VCE: Ray initialized with resources: {'node:192.168.100.36': 1.0, 'accelerator_type:G': 1.0, 'object_store_memory': 3641649561.0, 'GPU': 1.0, 'memory': 7283299124.0, 'CPU': 8.0}
[2023-11-28 19:06:45,525][flwr][INFO] - Initializing global parameters
[2023-11-28 19:06:45,525][flwr][INFO] - Requesting initial parameters from one random client
[2023-11-28 19:06:46,605][flwr][INFO] - Received initial parameters from one random client
[2023-11-28 19:06:46,605][flwr][INFO] - Evaluating initial parameters
[2023-11-28 19:06:48,418][flwr][INFO] - initial parameters (loss, other metrics): 181.98006105422974, {'accuracy': 0.1079}
[2023-11-28 19:06:48,419][flwr][INFO] - FL starting
[2023-11-28 19:06:48,419][flwr][DEBUG] - fit_round 1: strategy sampled 10 clients (out of 10)
[2023-11-28 19:07:06,445][flwr][DEBUG] - fit_round 1 received 10 results and 0 failures
[2023-11-28 19:07:06,463][flwr][WARNING] - No fit_metrics_aggregation_fn provided
[2023-11-28 19:07:08,230][flwr][INFO] - fit progress: (1, 34.127971440553665, {'accuracy': 0.863}, 19.81167498099967)
[2023-11-28 19:07:08,231][flwr][INFO] - evaluate_round 1: no clients selected, cancel
[2023-11-28 19:07:08,231][flwr][INFO] - FL finished in 19.81209607799974
[2023-11-28 19:07:08,231][flwr][INFO] - app_fit: losses_distributed []
[2023-11-28 19:07:08,231][flwr][INFO] - app_fit: metrics_distributed_fit {}
[2023-11-28 19:07:08,232][flwr][INFO] - app_fit: metrics_distributed {}
[2023-11-28 19:07:08,232][flwr][INFO] - app_fit: losses_centralized [(0, 181.98006105422974), (1, 34.127971440553665)]
[2023-11-28 19:07:08,232][flwr][INFO] - app_fit: metrics_centralized {'accuracy': [(0, 0.1079), (1, 0.863)]}
